{"/home/runner/work/EMBR-Web/EMBR-Web/client/src/api/bots.api.ts": {"path":"/home/runner/work/EMBR-Web/EMBR-Web/client/src/api/bots.api.ts","statementMap":{"0":{"start":{"line":62,"column":13},"end":{"line":62,"column":22}},"1":{"start":{"line":32,"column":13},"end":{"line":32,"column":29}},"2":{"start":{"line":1,"column":18},"end":{"line":1,"column":null}},"3":{"start":{"line":5,"column":21},"end":{"line":5,"column":null}},"4":{"start":{"line":23,"column":17},"end":{"line":23,"column":null}},"5":{"start":{"line":23,"column":45},"end":{"line":23,"column":null}},"6":{"start":{"line":25,"column":35},"end":{"line":30,"column":null}},"7":{"start":{"line":26,"column":2},"end":{"line":26,"column":null}},"8":{"start":{"line":26,"column":21},"end":{"line":26,"column":null}},"9":{"start":{"line":27,"column":2},"end":{"line":27,"column":null}},"10":{"start":{"line":27,"column":20},"end":{"line":27,"column":null}},"11":{"start":{"line":28,"column":2},"end":{"line":28,"column":null}},"12":{"start":{"line":28,"column":16},"end":{"line":28,"column":null}},"13":{"start":{"line":29,"column":2},"end":{"line":29,"column":null}},"14":{"start":{"line":32,"column":32},"end":{"line":60,"column":null}},"15":{"start":{"line":33,"column":49},"end":{"line":36,"column":null}},"16":{"start":{"line":37,"column":19},"end":{"line":37,"column":60}},"17":{"start":{"line":38,"column":20},"end":{"line":38,"column":62}},"18":{"start":{"line":39,"column":18},"end":{"line":39,"column":null}},"19":{"start":{"line":41,"column":2},"end":{"line":59,"column":null}},"20":{"start":{"line":62,"column":25},"end":{"line":72,"column":null}},"21":{"start":{"line":63,"column":2},"end":{"line":71,"column":null}},"22":{"start":{"line":64,"column":21},"end":{"line":64,"column":null}},"23":{"start":{"line":65,"column":17},"end":{"line":65,"column":30}},"24":{"start":{"line":66,"column":4},"end":{"line":66,"column":null}},"25":{"start":{"line":66,"column":30},"end":{"line":66,"column":null}},"26":{"start":{"line":67,"column":4},"end":{"line":67,"column":null}},"27":{"start":{"line":69,"column":4},"end":{"line":69,"column":null}},"28":{"start":{"line":70,"column":4},"end":{"line":70,"column":null}}},"fnMap":{"0":{"name":"(anonymous_4)","decl":{"start":{"line":23,"column":17},"end":{"line":23,"column":18}},"loc":{"start":{"line":23,"column":45},"end":{"line":23,"column":null}}},"1":{"name":"(anonymous_5)","decl":{"start":{"line":25,"column":35},"end":{"line":25,"column":36}},"loc":{"start":{"line":25,"column":36},"end":{"line":30,"column":null}}},"2":{"name":"(anonymous_6)","decl":{"start":{"line":32,"column":32},"end":{"line":32,"column":33}},"loc":{"start":{"line":32,"column":33},"end":{"line":60,"column":null}}},"3":{"name":"(anonymous_7)","decl":{"start":{"line":62,"column":25},"end":{"line":62,"column":null}},"loc":{"start":{"line":62,"column":25},"end":{"line":72,"column":null}}}},"branchMap":{"0":{"loc":{"start":{"line":5,"column":21},"end":{"line":5,"column":null}},"type":"binary-expr","locations":[{"start":{"line":5,"column":21},"end":{"line":5,"column":57}},{"start":{"line":5,"column":61},"end":{"line":5,"column":null}}]},"1":{"loc":{"start":{"line":23,"column":52},"end":{"line":23,"column":null}},"type":"binary-expr","locations":[{"start":{"line":23,"column":52},"end":{"line":23,"column":61}},{"start":{"line":23,"column":61},"end":{"line":23,"column":null}}]},"2":{"loc":{"start":{"line":26,"column":2},"end":{"line":26,"column":null}},"type":"if","locations":[{"start":{"line":26,"column":2},"end":{"line":26,"column":null}}]},"3":{"loc":{"start":{"line":27,"column":2},"end":{"line":27,"column":null}},"type":"if","locations":[{"start":{"line":27,"column":2},"end":{"line":27,"column":null}}]},"4":{"loc":{"start":{"line":28,"column":2},"end":{"line":28,"column":null}},"type":"if","locations":[{"start":{"line":28,"column":2},"end":{"line":28,"column":null}}]},"5":{"loc":{"start":{"line":37,"column":19},"end":{"line":37,"column":60}},"type":"binary-expr","locations":[{"start":{"line":37,"column":19},"end":{"line":37,"column":45}},{"start":{"line":37,"column":45},"end":{"line":37,"column":60}}]},"6":{"loc":{"start":{"line":38,"column":20},"end":{"line":38,"column":62}},"type":"binary-expr","locations":[{"start":{"line":38,"column":20},"end":{"line":38,"column":47}},{"start":{"line":38,"column":47},"end":{"line":38,"column":62}}]},"7":{"loc":{"start":{"line":44,"column":22},"end":{"line":44,"column":null}},"type":"binary-expr","locations":[{"start":{"line":44,"column":22},"end":{"line":44,"column":42}},{"start":{"line":44,"column":46},"end":{"line":44,"column":null}}]},"8":{"loc":{"start":{"line":52,"column":14},"end":{"line":52,"column":null}},"type":"binary-expr","locations":[{"start":{"line":52,"column":14},"end":{"line":52,"column":30}},{"start":{"line":52,"column":34},"end":{"line":52,"column":null}}]},"9":{"loc":{"start":{"line":66,"column":4},"end":{"line":66,"column":null}},"type":"if","locations":[{"start":{"line":66,"column":4},"end":{"line":66,"column":null}}]},"10":{"loc":{"start":{"line":70,"column":20},"end":{"line":70,"column":null}},"type":"binary-expr","locations":[{"start":{"line":70,"column":20},"end":{"line":70,"column":51}},{"start":{"line":70,"column":51},"end":{"line":70,"column":null}}]}},"s":{"0":0,"1":0,"2":0,"3":0,"4":0,"5":0,"6":0,"7":0,"8":0,"9":0,"10":0,"11":0,"12":0,"13":0,"14":0,"15":0,"16":0,"17":0,"18":0,"19":0,"20":0,"21":0,"22":0,"23":0,"24":0,"25":0,"26":0,"27":0,"28":0},"f":{"0":0,"1":0,"2":0,"3":0},"b":{"0":[0,0],"1":[0,0],"2":[0],"3":[0],"4":[0],"5":[0,0],"6":[0,0],"7":[0,0],"8":[0,0],"9":[0],"10":[0,0]}}
,"/home/runner/work/EMBR-Web/EMBR-Web/client/src/api/missions.api.ts": {"path":"/home/runner/work/EMBR-Web/EMBR-Web/client/src/api/missions.api.ts","statementMap":{"0":{"start":{"line":148,"column":13},"end":{"line":148,"column":32}},"1":{"start":{"line":87,"column":13},"end":{"line":87,"column":26}},"2":{"start":{"line":143,"column":13},"end":{"line":143,"column":26}},"3":{"start":{"line":132,"column":13},"end":{"line":132,"column":23}},"4":{"start":{"line":82,"column":13},"end":{"line":82,"column":29}},"5":{"start":{"line":77,"column":13},"end":{"line":77,"column":26}},"6":{"start":{"line":121,"column":13},"end":{"line":121,"column":25}},"7":{"start":{"line":95,"column":13},"end":{"line":95,"column":26}},"8":{"start":{"line":1,"column":18},"end":{"line":1,"column":null}},"9":{"start":{"line":5,"column":21},"end":{"line":5,"column":null}},"10":{"start":{"line":22,"column":18},"end":{"line":32,"column":null}},"11":{"start":{"line":23,"column":2},"end":{"line":23,"column":null}},"12":{"start":{"line":23,"column":13},"end":{"line":23,"column":null}},"13":{"start":{"line":24,"column":2},"end":{"line":30,"column":null}},"14":{"start":{"line":25,"column":4},"end":{"line":29,"column":null}},"15":{"start":{"line":26,"column":6},"end":{"line":26,"column":null}},"16":{"start":{"line":28,"column":6},"end":{"line":28,"column":null}},"17":{"start":{"line":31,"column":2},"end":{"line":31,"column":null}},"18":{"start":{"line":34,"column":19},"end":{"line":58,"column":null}},"19":{"start":{"line":35,"column":15},"end":{"line":35,"column":null}},"20":{"start":{"line":36,"column":17},"end":{"line":41,"column":null}},"21":{"start":{"line":43,"column":19},"end":{"line":43,"column":41}},"22":{"start":{"line":45,"column":2},"end":{"line":57,"column":null}},"23":{"start":{"line":60,"column":18},"end":{"line":75,"column":null}},"24":{"start":{"line":60,"column":68},"end":{"line":75,"column":null}},"25":{"start":{"line":77,"column":29},"end":{"line":80,"column":null}},"26":{"start":{"line":78,"column":19},"end":{"line":78,"column":null}},"27":{"start":{"line":79,"column":2},"end":{"line":79,"column":null}},"28":{"start":{"line":82,"column":32},"end":{"line":85,"column":null}},"29":{"start":{"line":83,"column":19},"end":{"line":83,"column":null}},"30":{"start":{"line":84,"column":2},"end":{"line":84,"column":null}},"31":{"start":{"line":87,"column":29},"end":{"line":93,"column":null}},"32":{"start":{"line":88,"column":18},"end":{"line":88,"column":null}},"33":{"start":{"line":89,"column":19},"end":{"line":91,"column":null}},"34":{"start":{"line":92,"column":2},"end":{"line":92,"column":null}},"35":{"start":{"line":95,"column":29},"end":{"line":119,"column":null}},"36":{"start":{"line":96,"column":43},"end":{"line":96,"column":null}},"37":{"start":{"line":98,"column":2},"end":{"line":98,"column":null}},"38":{"start":{"line":98,"column":41},"end":{"line":98,"column":null}},"39":{"start":{"line":99,"column":2},"end":{"line":99,"column":null}},"40":{"start":{"line":99,"column":38},"end":{"line":99,"column":null}},"41":{"start":{"line":100,"column":2},"end":{"line":100,"column":null}},"42":{"start":{"line":100,"column":48},"end":{"line":100,"column":null}},"43":{"start":{"line":101,"column":2},"end":{"line":101,"column":null}},"44":{"start":{"line":101,"column":40},"end":{"line":101,"column":null}},"45":{"start":{"line":102,"column":2},"end":{"line":102,"column":null}},"46":{"start":{"line":102,"column":43},"end":{"line":102,"column":null}},"47":{"start":{"line":103,"column":2},"end":{"line":103,"column":null}},"48":{"start":{"line":103,"column":42},"end":{"line":103,"column":null}},"49":{"start":{"line":104,"column":2},"end":{"line":104,"column":null}},"50":{"start":{"line":104,"column":39},"end":{"line":104,"column":null}},"51":{"start":{"line":105,"column":2},"end":{"line":105,"column":null}},"52":{"start":{"line":105,"column":37},"end":{"line":105,"column":null}},"53":{"start":{"line":106,"column":2},"end":{"line":113,"column":null}},"54":{"start":{"line":107,"column":4},"end":{"line":112,"column":null}},"55":{"start":{"line":115,"column":19},"end":{"line":117,"column":null}},"56":{"start":{"line":118,"column":2},"end":{"line":118,"column":null}},"57":{"start":{"line":121,"column":28},"end":{"line":130,"column":null}},"58":{"start":{"line":122,"column":19},"end":{"line":127,"column":null}},"59":{"start":{"line":129,"column":2},"end":{"line":129,"column":null}},"60":{"start":{"line":132,"column":26},"end":{"line":141,"column":null}},"61":{"start":{"line":133,"column":19},"end":{"line":138,"column":null}},"62":{"start":{"line":140,"column":2},"end":{"line":140,"column":null}},"63":{"start":{"line":143,"column":29},"end":{"line":146,"column":null}},"64":{"start":{"line":144,"column":19},"end":{"line":144,"column":null}},"65":{"start":{"line":145,"column":2},"end":{"line":145,"column":null}},"66":{"start":{"line":148,"column":35},"end":{"line":155,"column":null}},"67":{"start":{"line":149,"column":19},"end":{"line":152,"column":null}},"68":{"start":{"line":154,"column":2},"end":{"line":154,"column":null}}},"fnMap":{"0":{"name":"(anonymous_10)","decl":{"start":{"line":22,"column":18},"end":{"line":22,"column":19}},"loc":{"start":{"line":22,"column":19},"end":{"line":32,"column":null}}},"1":{"name":"(anonymous_11)","decl":{"start":{"line":34,"column":19},"end":{"line":34,"column":20}},"loc":{"start":{"line":34,"column":20},"end":{"line":58,"column":null}}},"2":{"name":"(anonymous_12)","decl":{"start":{"line":60,"column":18},"end":{"line":60,"column":19}},"loc":{"start":{"line":60,"column":68},"end":{"line":75,"column":null}}},"3":{"name":"(anonymous_13)","decl":{"start":{"line":77,"column":29},"end":{"line":77,"column":null}},"loc":{"start":{"line":77,"column":29},"end":{"line":80,"column":null}}},"4":{"name":"(anonymous_14)","decl":{"start":{"line":82,"column":32},"end":{"line":82,"column":39}},"loc":{"start":{"line":82,"column":39},"end":{"line":85,"column":null}}},"5":{"name":"(anonymous_15)","decl":{"start":{"line":87,"column":29},"end":{"line":87,"column":36}},"loc":{"start":{"line":87,"column":79},"end":{"line":93,"column":null}}},"6":{"name":"(anonymous_16)","decl":{"start":{"line":95,"column":29},"end":{"line":95,"column":36}},"loc":{"start":{"line":95,"column":36},"end":{"line":119,"column":null}}},"7":{"name":"(anonymous_17)","decl":{"start":{"line":121,"column":28},"end":{"line":121,"column":35}},"loc":{"start":{"line":121,"column":47},"end":{"line":130,"column":null}}},"8":{"name":"(anonymous_18)","decl":{"start":{"line":132,"column":26},"end":{"line":132,"column":33}},"loc":{"start":{"line":132,"column":45},"end":{"line":141,"column":null}}},"9":{"name":"(anonymous_19)","decl":{"start":{"line":143,"column":29},"end":{"line":143,"column":36}},"loc":{"start":{"line":143,"column":36},"end":{"line":146,"column":null}}},"10":{"name":"(anonymous_20)","decl":{"start":{"line":148,"column":35},"end":{"line":148,"column":42}},"loc":{"start":{"line":148,"column":61},"end":{"line":155,"column":null}}}},"branchMap":{"0":{"loc":{"start":{"line":5,"column":21},"end":{"line":5,"column":null}},"type":"binary-expr","locations":[{"start":{"line":5,"column":21},"end":{"line":5,"column":57}},{"start":{"line":5,"column":61},"end":{"line":5,"column":null}}]},"1":{"loc":{"start":{"line":23,"column":2},"end":{"line":23,"column":null}},"type":"if","locations":[{"start":{"line":23,"column":2},"end":{"line":23,"column":null}}]},"2":{"loc":{"start":{"line":24,"column":2},"end":{"line":30,"column":null}},"type":"if","locations":[{"start":{"line":24,"column":2},"end":{"line":30,"column":null}}]},"3":{"loc":{"start":{"line":36,"column":17},"end":{"line":41,"column":null}},"type":"cond-expr","locations":[{"start":{"line":37,"column":6},"end":{"line":40,"column":null}},{"start":{"line":41,"column":6},"end":{"line":41,"column":null}}]},"4":{"loc":{"start":{"line":43,"column":19},"end":{"line":43,"column":41}},"type":"binary-expr","locations":[{"start":{"line":43,"column":19},"end":{"line":43,"column":35}},{"start":{"line":43,"column":39},"end":{"line":43,"column":41}}]},"5":{"loc":{"start":{"line":60,"column":41},"end":{"line":60,"column":62}},"type":"default-arg","locations":[{"start":{"line":60,"column":60},"end":{"line":60,"column":62}}]},"6":{"loc":{"start":{"line":62,"column":19},"end":{"line":69,"column":null}},"type":"cond-expr","locations":[{"start":{"line":63,"column":6},"end":{"line":68,"column":null}},{"start":{"line":69,"column":6},"end":{"line":69,"column":null}}]},"7":{"loc":{"start":{"line":74,"column":10},"end":{"line":74,"column":62}},"type":"cond-expr","locations":[{"start":{"line":74,"column":26},"end":{"line":74,"column":36}},{"start":{"line":74,"column":36},"end":{"line":74,"column":62}}]},"8":{"loc":{"start":{"line":74,"column":36},"end":{"line":74,"column":62}},"type":"binary-expr","locations":[{"start":{"line":74,"column":36},"end":{"line":74,"column":56}},{"start":{"line":74,"column":60},"end":{"line":74,"column":62}}]},"9":{"loc":{"start":{"line":87,"column":58},"end":{"line":87,"column":79}},"type":"default-arg","locations":[{"start":{"line":87,"column":77},"end":{"line":87,"column":79}}]},"10":{"loc":{"start":{"line":98,"column":2},"end":{"line":98,"column":null}},"type":"if","locations":[{"start":{"line":98,"column":2},"end":{"line":98,"column":null}}]},"11":{"loc":{"start":{"line":99,"column":2},"end":{"line":99,"column":null}},"type":"if","locations":[{"start":{"line":99,"column":2},"end":{"line":99,"column":null}}]},"12":{"loc":{"start":{"line":100,"column":2},"end":{"line":100,"column":null}},"type":"if","locations":[{"start":{"line":100,"column":2},"end":{"line":100,"column":null}}]},"13":{"loc":{"start":{"line":101,"column":2},"end":{"line":101,"column":null}},"type":"if","locations":[{"start":{"line":101,"column":2},"end":{"line":101,"column":null}}]},"14":{"loc":{"start":{"line":102,"column":2},"end":{"line":102,"column":null}},"type":"if","locations":[{"start":{"line":102,"column":2},"end":{"line":102,"column":null}}]},"15":{"loc":{"start":{"line":103,"column":2},"end":{"line":103,"column":null}},"type":"if","locations":[{"start":{"line":103,"column":2},"end":{"line":103,"column":null}}]},"16":{"loc":{"start":{"line":104,"column":2},"end":{"line":104,"column":null}},"type":"if","locations":[{"start":{"line":104,"column":2},"end":{"line":104,"column":null}}]},"17":{"loc":{"start":{"line":105,"column":2},"end":{"line":105,"column":null}},"type":"if","locations":[{"start":{"line":105,"column":2},"end":{"line":105,"column":null}}]},"18":{"loc":{"start":{"line":106,"column":2},"end":{"line":113,"column":null}},"type":"if","locations":[{"start":{"line":106,"column":2},"end":{"line":113,"column":null}}]}},"s":{"0":0,"1":0,"2":0,"3":0,"4":0,"5":0,"6":0,"7":0,"8":0,"9":0,"10":0,"11":0,"12":0,"13":0,"14":0,"15":0,"16":0,"17":0,"18":0,"19":0,"20":0,"21":0,"22":0,"23":0,"24":0,"25":0,"26":0,"27":0,"28":0,"29":0,"30":0,"31":0,"32":0,"33":0,"34":0,"35":0,"36":0,"37":0,"38":0,"39":0,"40":0,"41":0,"42":0,"43":0,"44":0,"45":0,"46":0,"47":0,"48":0,"49":0,"50":0,"51":0,"52":0,"53":0,"54":0,"55":0,"56":0,"57":0,"58":0,"59":0,"60":0,"61":0,"62":0,"63":0,"64":0,"65":0,"66":0,"67":0,"68":0},"f":{"0":0,"1":0,"2":0,"3":0,"4":0,"5":0,"6":0,"7":0,"8":0,"9":0,"10":0},"b":{"0":[0,0],"1":[0],"2":[0],"3":[0,0],"4":[0,0],"5":[0],"6":[0,0],"7":[0,0],"8":[0,0],"9":[0],"10":[0],"11":[0],"12":[0],"13":[0],"14":[0],"15":[0],"16":[0],"17":[0],"18":[0]}}
,"/home/runner/work/EMBR-Web/EMBR-Web/client/src/api/temperature.api.ts": {"path":"/home/runner/work/EMBR-Web/EMBR-Web/client/src/api/temperature.api.ts","statementMap":{"0":{"start":{"line":36,"column":13},"end":{"line":36,"column":28}},"1":{"start":{"line":25,"column":13},"end":{"line":25,"column":33}},"2":{"start":{"line":46,"column":13},"end":{"line":46,"column":28}},"3":{"start":{"line":5,"column":13},"end":{"line":5,"column":33}},"4":{"start":{"line":15,"column":13},"end":{"line":15,"column":37}},"5":{"start":{"line":1,"column":18},"end":{"line":1,"column":null}},"6":{"start":{"line":3,"column":21},"end":{"line":3,"column":null}},"7":{"start":{"line":5,"column":36},"end":{"line":13,"column":null}},"8":{"start":{"line":6,"column":19},"end":{"line":6,"column":null}},"9":{"start":{"line":7,"column":2},"end":{"line":7,"column":null}},"10":{"start":{"line":15,"column":40},"end":{"line":23,"column":null}},"11":{"start":{"line":16,"column":19},"end":{"line":16,"column":null}},"12":{"start":{"line":17,"column":2},"end":{"line":17,"column":null}},"13":{"start":{"line":25,"column":36},"end":{"line":34,"column":null}},"14":{"start":{"line":26,"column":19},"end":{"line":26,"column":null}},"15":{"start":{"line":27,"column":2},"end":{"line":27,"column":null}},"16":{"start":{"line":36,"column":31},"end":{"line":44,"column":null}},"17":{"start":{"line":37,"column":19},"end":{"line":37,"column":null}},"18":{"start":{"line":38,"column":2},"end":{"line":38,"column":null}},"19":{"start":{"line":46,"column":31},"end":{"line":53,"column":null}},"20":{"start":{"line":47,"column":19},"end":{"line":47,"column":null}},"21":{"start":{"line":48,"column":2},"end":{"line":48,"column":null}}},"fnMap":{"0":{"name":"(anonymous_7)","decl":{"start":{"line":5,"column":36},"end":{"line":5,"column":43}},"loc":{"start":{"line":5,"column":43},"end":{"line":13,"column":null}}},"1":{"name":"(anonymous_8)","decl":{"start":{"line":15,"column":40},"end":{"line":15,"column":47}},"loc":{"start":{"line":15,"column":47},"end":{"line":23,"column":null}}},"2":{"name":"(anonymous_9)","decl":{"start":{"line":25,"column":36},"end":{"line":25,"column":null}},"loc":{"start":{"line":25,"column":36},"end":{"line":34,"column":null}}},"3":{"name":"(anonymous_10)","decl":{"start":{"line":36,"column":31},"end":{"line":36,"column":null}},"loc":{"start":{"line":36,"column":31},"end":{"line":44,"column":null}}},"4":{"name":"(anonymous_11)","decl":{"start":{"line":46,"column":31},"end":{"line":46,"column":38}},"loc":{"start":{"line":46,"column":38},"end":{"line":53,"column":null}}}},"branchMap":{"0":{"loc":{"start":{"line":3,"column":21},"end":{"line":3,"column":null}},"type":"binary-expr","locations":[{"start":{"line":3,"column":21},"end":{"line":3,"column":57}},{"start":{"line":3,"column":61},"end":{"line":3,"column":null}}]}},"s":{"0":0,"1":0,"2":0,"3":0,"4":0,"5":0,"6":0,"7":0,"8":0,"9":0,"10":0,"11":0,"12":0,"13":0,"14":0,"15":0,"16":0,"17":0,"18":0,"19":0,"20":0,"21":0},"f":{"0":0,"1":0,"2":0,"3":0,"4":0},"b":{"0":[0,0]}}
,"/home/runner/work/EMBR-Web/EMBR-Web/client/src/app/layout.tsx": {"path":"/home/runner/work/EMBR-Web/EMBR-Web/client/src/app/layout.tsx","statementMap":{"0":{"start":{"line":15,"column":24},"end":{"line":15,"column":35}},"1":{"start":{"line":10,"column":13},"end":{"line":10,"column":21}},"2":{"start":{"line":4,"column":7},"end":{"line":4,"column":null}},"3":{"start":{"line":5,"column":23},"end":{"line":5,"column":null}},"4":{"start":{"line":6,"column":34},"end":{"line":6,"column":null}},"5":{"start":{"line":10,"column":34},"end":{"line":13,"column":null}}},"fnMap":{"0":{"name":"RootLayout","decl":{"start":{"line":15,"column":24},"end":{"line":15,"column":35}},"loc":{"start":{"line":19,"column":2},"end":{"line":30,"column":1}}}},"branchMap":{},"s":{"0":0,"1":0,"2":0,"3":0,"4":0,"5":0},"f":{"0":0},"b":{}}
,"/home/runner/work/EMBR-Web/EMBR-Web/client/src/app/page.tsx": {"path":"/home/runner/work/EMBR-Web/EMBR-Web/client/src/app/page.tsx","statementMap":{"0":{"start":{"line":3,"column":24},"end":{"line":3,"column":null}},"1":{"start":{"line":1,"column":22},"end":{"line":1,"column":null}},"2":{"start":{"line":4,"column":2},"end":{"line":4,"column":null}}},"fnMap":{"0":{"name":"Home","decl":{"start":{"line":3,"column":24},"end":{"line":3,"column":null}},"loc":{"start":{"line":3,"column":24},"end":{"line":5,"column":null}}}},"branchMap":{},"s":{"0":0,"1":0,"2":0},"f":{"0":0},"b":{}}
,"/home/runner/work/EMBR-Web/EMBR-Web/client/src/app/bots/page.tsx": {"path":"/home/runner/work/EMBR-Web/EMBR-Web/client/src/app/bots/page.tsx","statementMap":{"0":{"start":{"line":9,"column":24},"end":{"line":9,"column":null}},"1":{"start":{"line":3,"column":26},"end":{"line":3,"column":null}},"2":{"start":{"line":5,"column":28},"end":{"line":5,"column":null}},"3":{"start":{"line":6,"column":27},"end":{"line":6,"column":null}},"4":{"start":{"line":7,"column":28},"end":{"line":7,"column":null}},"5":{"start":{"line":10,"column":42},"end":{"line":10,"column":null}},"6":{"start":{"line":11,"column":44},"end":{"line":11,"column":null}},"7":{"start":{"line":12,"column":17},"end":{"line":12,"column":null}},"8":{"start":{"line":14,"column":20},"end":{"line":14,"column":31}},"9":{"start":{"line":15,"column":21},"end":{"line":15,"column":85}},"10":{"start":{"line":15,"column":40},"end":{"line":15,"column":79}},"11":{"start":{"line":16,"column":20},"end":{"line":16,"column":78}},"12":{"start":{"line":16,"column":39},"end":{"line":16,"column":72}},"13":{"start":{"line":18,"column":2},"end":{"line":28,"column":null}},"14":{"start":{"line":70,"column":18},"end":{"line":72,"column":null}},"15":{"start":{"line":75,"column":24},"end":{"line":75,"column":null}}},"fnMap":{"0":{"name":"Bots","decl":{"start":{"line":9,"column":24},"end":{"line":9,"column":null}},"loc":{"start":{"line":9,"column":24},"end":{"line":87,"column":null}}},"1":{"name":"(anonymous_3)","decl":{"start":{"line":15,"column":33},"end":{"line":15,"column":34}},"loc":{"start":{"line":15,"column":40},"end":{"line":15,"column":79}}},"2":{"name":"(anonymous_4)","decl":{"start":{"line":16,"column":32},"end":{"line":16,"column":33}},"loc":{"start":{"line":16,"column":39},"end":{"line":16,"column":72}}},"3":{"name":"(anonymous_5)","decl":{"start":{"line":69,"column":26},"end":{"line":69,"column":27}},"loc":{"start":{"line":69,"column":27},"end":{"line":79,"column":null}}},"4":{"name":"(anonymous_6)","decl":{"start":{"line":74,"column":31},"end":{"line":74,"column":null}},"loc":{"start":{"line":74,"column":31},"end":{"line":76,"column":null}}}},"branchMap":{"0":{"loc":{"start":{"line":18,"column":2},"end":{"line":28,"column":null}},"type":"if","locations":[{"start":{"line":18,"column":2},"end":{"line":28,"column":null}}]},"1":{"loc":{"start":{"line":18,"column":6},"end":{"line":18,"column":38}},"type":"binary-expr","locations":[{"start":{"line":18,"column":6},"end":{"line":18,"column":21}},{"start":{"line":18,"column":21},"end":{"line":18,"column":38}}]},"2":{"loc":{"start":{"line":64,"column":14},"end":{"line":65,"column":21}},"type":"cond-expr","locations":[{"start":{"line":64,"column":14},"end":{"line":65,"column":21}}]},"3":{"loc":{"start":{"line":66,"column":14},"end":{"line":68,"column":15}},"type":"cond-expr","locations":[{"start":{"line":66,"column":14},"end":{"line":68,"column":15}}]}},"s":{"0":0,"1":0,"2":0,"3":0,"4":0,"5":0,"6":0,"7":0,"8":0,"9":0,"10":0,"11":0,"12":0,"13":0,"14":0,"15":0},"f":{"0":0,"1":0,"2":0,"3":0,"4":0},"b":{"0":[0],"1":[0,0],"2":[0],"3":[0]}}
,"/home/runner/work/EMBR-Web/EMBR-Web/client/src/app/bots/[id]/page.tsx": {"path":"/home/runner/work/EMBR-Web/EMBR-Web/client/src/app/bots/[id]/page.tsx","statementMap":{"0":{"start":{"line":12,"column":24},"end":{"line":12,"column":null}},"1":{"start":{"line":3,"column":26},"end":{"line":3,"column":null}},"2":{"start":{"line":4,"column":24},"end":{"line":4,"column":null}},"3":{"start":{"line":6,"column":25},"end":{"line":6,"column":null}},"4":{"start":{"line":7,"column":27},"end":{"line":7,"column":null}},"5":{"start":{"line":8,"column":28},"end":{"line":8,"column":null}},"6":{"start":{"line":13,"column":17},"end":{"line":13,"column":null}},"7":{"start":{"line":14,"column":32},"end":{"line":14,"column":null}},"8":{"start":{"line":15,"column":44},"end":{"line":15,"column":null}},"9":{"start":{"line":17,"column":16},"end":{"line":17,"column":null}},"10":{"start":{"line":17,"column":30},"end":{"line":17,"column":49}},"11":{"start":{"line":18,"column":22},"end":{"line":18,"column":null}},"12":{"start":{"line":18,"column":36},"end":{"line":18,"column":70}},"13":{"start":{"line":18,"column":53},"end":{"line":18,"column":70}},"14":{"start":{"line":19,"column":21},"end":{"line":21,"column":null}},"15":{"start":{"line":20,"column":10},"end":{"line":20,"column":null}},"16":{"start":{"line":20,"column":36},"end":{"line":20,"column":null}},"17":{"start":{"line":24,"column":2},"end":{"line":32,"column":null}},"18":{"start":{"line":34,"column":2},"end":{"line":42,"column":null}}},"fnMap":{"0":{"name":"BotDetail","decl":{"start":{"line":12,"column":24},"end":{"line":12,"column":null}},"loc":{"start":{"line":12,"column":24},"end":{"line":156,"column":null}}},"1":{"name":"(anonymous_3)","decl":{"start":{"line":17,"column":24},"end":{"line":17,"column":30}},"loc":{"start":{"line":17,"column":30},"end":{"line":17,"column":49}}},"2":{"name":"(anonymous_4)","decl":{"start":{"line":18,"column":30},"end":{"line":18,"column":36}},"loc":{"start":{"line":18,"column":36},"end":{"line":18,"column":70}}},"3":{"name":"(anonymous_5)","decl":{"start":{"line":18,"column":46},"end":{"line":18,"column":47}},"loc":{"start":{"line":18,"column":53},"end":{"line":18,"column":70}}},"4":{"name":"(anonymous_6)","decl":{"start":{"line":20,"column":4},"end":{"line":20,"column":10}},"loc":{"start":{"line":20,"column":10},"end":{"line":20,"column":null}}},"5":{"name":"(anonymous_7)","decl":{"start":{"line":20,"column":29},"end":{"line":20,"column":30}},"loc":{"start":{"line":20,"column":36},"end":{"line":20,"column":null}}}},"branchMap":{"0":{"loc":{"start":{"line":24,"column":2},"end":{"line":32,"column":null}},"type":"if","locations":[{"start":{"line":24,"column":2},"end":{"line":32,"column":null}}]},"1":{"loc":{"start":{"line":24,"column":6},"end":{"line":24,"column":38}},"type":"binary-expr","locations":[{"start":{"line":24,"column":6},"end":{"line":24,"column":21}},{"start":{"line":24,"column":21},"end":{"line":24,"column":38}}]},"2":{"loc":{"start":{"line":34,"column":2},"end":{"line":42,"column":null}},"type":"if","locations":[{"start":{"line":34,"column":2},"end":{"line":42,"column":null}}]},"3":{"loc":{"start":{"line":53,"column":18},"end":{"line":53,"column":null}},"type":"cond-expr","locations":[{"start":{"line":53,"column":68},"end":{"line":53,"column":85}},{"start":{"line":53,"column":85},"end":{"line":53,"column":null}}]},"4":{"loc":{"start":{"line":80,"column":18},"end":{"line":89,"column":19}},"type":"cond-expr","locations":[{"start":{"line":80,"column":18},"end":{"line":89,"column":19}}]},"5":{"loc":{"start":{"line":124,"column":16},"end":{"line":129,"column":17}},"type":"cond-expr","locations":[{"start":{"line":124,"column":16},"end":{"line":129,"column":17}}]}},"s":{"0":0,"1":0,"2":0,"3":0,"4":0,"5":0,"6":0,"7":0,"8":0,"9":0,"10":0,"11":0,"12":0,"13":0,"14":0,"15":0,"16":0,"17":0,"18":0},"f":{"0":0,"1":0,"2":0,"3":0,"4":0,"5":0},"b":{"0":[0],"1":[0,0],"2":[0],"3":[0,0],"4":[0],"5":[0]}}
,"/home/runner/work/EMBR-Web/EMBR-Web/client/src/app/dashboard/page.tsx": {"path":"/home/runner/work/EMBR-Web/EMBR-Web/client/src/app/dashboard/page.tsx","statementMap":{"0":{"start":{"line":10,"column":24},"end":{"line":10,"column":null}},"1":{"start":{"line":3,"column":26},"end":{"line":3,"column":null}},"2":{"start":{"line":4,"column":25},"end":{"line":4,"column":null}},"3":{"start":{"line":6,"column":33},"end":{"line":6,"column":null}},"4":{"start":{"line":7,"column":28},"end":{"line":7,"column":null}},"5":{"start":{"line":8,"column":40},"end":{"line":8,"column":null}},"6":{"start":{"line":11,"column":17},"end":{"line":11,"column":null}},"7":{"start":{"line":12,"column":19},"end":{"line":12,"column":null}},"8":{"start":{"line":13,"column":27},"end":{"line":13,"column":null}},"9":{"start":{"line":14,"column":50},"end":{"line":14,"column":null}},"10":{"start":{"line":16,"column":2},"end":{"line":18,"column":null}},"11":{"start":{"line":33,"column":10},"end":{"line":33,"column":null}},"12":{"start":{"line":36,"column":10},"end":{"line":36,"column":null}},"13":{"start":{"line":38,"column":31},"end":{"line":38,"column":null}},"14":{"start":{"line":40,"column":32},"end":{"line":40,"column":null}}},"fnMap":{"0":{"name":"Dashboard","decl":{"start":{"line":10,"column":24},"end":{"line":10,"column":null}},"loc":{"start":{"line":10,"column":24},"end":{"line":44,"column":null}}},"1":{"name":"(anonymous_3)","decl":{"start":{"line":32,"column":21},"end":{"line":32,"column":22}},"loc":{"start":{"line":32,"column":22},"end":{"line":34,"column":null}}},"2":{"name":"(anonymous_4)","decl":{"start":{"line":35,"column":25},"end":{"line":35,"column":26}},"loc":{"start":{"line":35,"column":26},"end":{"line":37,"column":null}}},"3":{"name":"(anonymous_5)","decl":{"start":{"line":38,"column":25},"end":{"line":38,"column":31}},"loc":{"start":{"line":38,"column":31},"end":{"line":38,"column":null}}},"4":{"name":"(anonymous_6)","decl":{"start":{"line":40,"column":26},"end":{"line":40,"column":32}},"loc":{"start":{"line":40,"column":32},"end":{"line":40,"column":null}}}},"branchMap":{"0":{"loc":{"start":{"line":16,"column":2},"end":{"line":18,"column":null}},"type":"if","locations":[{"start":{"line":16,"column":2},"end":{"line":18,"column":null}}]},"1":{"loc":{"start":{"line":16,"column":6},"end":{"line":16,"column":30}},"type":"binary-expr","locations":[{"start":{"line":16,"column":6},"end":{"line":16,"column":15}},{"start":{"line":16,"column":15},"end":{"line":16,"column":30}}]}},"s":{"0":0,"1":0,"2":0,"3":0,"4":0,"5":0,"6":0,"7":0,"8":0,"9":0,"10":0,"11":0,"12":0,"13":0,"14":0},"f":{"0":0,"1":0,"2":0,"3":0,"4":0},"b":{"0":[0],"1":[0,0]}}
,"/home/runner/work/EMBR-Web/EMBR-Web/client/src/app/hotspots/page.tsx": {"path":"/home/runner/work/EMBR-Web/EMBR-Web/client/src/app/hotspots/page.tsx","statementMap":{"0":{"start":{"line":9,"column":24},"end":{"line":9,"column":null}},"1":{"start":{"line":4,"column":17},"end":{"line":4,"column":null}},"2":{"start":{"line":5,"column":25},"end":{"line":5,"column":null}},"3":{"start":{"line":7,"column":28},"end":{"line":7,"column":null}},"4":{"start":{"line":10,"column":27},"end":{"line":10,"column":null}},"5":{"start":{"line":11,"column":34},"end":{"line":11,"column":null}},"6":{"start":{"line":15,"column":4},"end":{"line":23,"column":11}},"7":{"start":{"line":17,"column":8},"end":{"line":22,"column":17}},"8":{"start":{"line":17,"column":56},"end":{"line":22,"column":15}},"9":{"start":{"line":25,"column":24},"end":{"line":25,"column":42}},"10":{"start":{"line":56,"column":29},"end":{"line":56,"column":null}},"11":{"start":{"line":66,"column":29},"end":{"line":66,"column":null}},"12":{"start":{"line":118,"column":24},"end":{"line":118,"column":38}}},"fnMap":{"0":{"name":"Hotspots","decl":{"start":{"line":9,"column":24},"end":{"line":9,"column":null}},"loc":{"start":{"line":9,"column":24},"end":{"line":160,"column":null}}},"1":{"name":"(anonymous_3)","decl":{"start":{"line":16,"column":6},"end":{"line":16,"column":7}},"loc":{"start":{"line":17,"column":8},"end":{"line":22,"column":17}}},"2":{"name":"(anonymous_4)","decl":{"start":{"line":17,"column":30},"end":{"line":17,"column":31}},"loc":{"start":{"line":17,"column":56},"end":{"line":22,"column":15}}},"3":{"name":"(anonymous_5)","decl":{"start":{"line":56,"column":23},"end":{"line":56,"column":29}},"loc":{"start":{"line":56,"column":29},"end":{"line":56,"column":null}}},"4":{"name":"(anonymous_6)","decl":{"start":{"line":66,"column":23},"end":{"line":66,"column":29}},"loc":{"start":{"line":66,"column":29},"end":{"line":66,"column":null}}},"5":{"name":"(anonymous_7)","decl":{"start":{"line":117,"column":38},"end":{"line":117,"column":39}},"loc":{"start":{"line":118,"column":24},"end":{"line":118,"column":38}}}},"branchMap":{"0":{"loc":{"start":{"line":15,"column":4},"end":{"line":23,"column":11}},"type":"binary-expr","locations":[{"start":{"line":15,"column":4},"end":{"line":22,"column":null}},{"start":{"line":23,"column":9},"end":{"line":23,"column":11}}]},"1":{"loc":{"start":{"line":17,"column":8},"end":{"line":22,"column":17}},"type":"binary-expr","locations":[{"start":{"line":17,"column":8},"end":{"line":22,"column":15}},{"start":{"line":22,"column":15},"end":{"line":22,"column":17}}]},"2":{"loc":{"start":{"line":58,"column":16},"end":{"line":60,"column":null}},"type":"cond-expr","locations":[{"start":{"line":59,"column":20},"end":{"line":59,"column":null}},{"start":{"line":60,"column":20},"end":{"line":60,"column":null}}]},"3":{"loc":{"start":{"line":68,"column":16},"end":{"line":68,"column":null}},"type":"cond-expr","locations":[{"start":{"line":68,"column":37},"end":{"line":68,"column":74}},{"start":{"line":68,"column":74},"end":{"line":68,"column":null}}]},"4":{"loc":{"start":{"line":92,"column":14},"end":{"line":98,"column":15}},"type":"cond-expr","locations":[{"start":{"line":92,"column":14},"end":{"line":98,"column":15}}]},"5":{"loc":{"start":{"line":110,"column":21},"end":{"line":118,"column":38}},"type":"cond-expr","locations":[{"start":{"line":111,"column":22},"end":{"line":117,"column":34}},{"start":{"line":117,"column":22},"end":{"line":118,"column":38}}]}},"s":{"0":0,"1":0,"2":0,"3":0,"4":0,"5":0,"6":0,"7":0,"8":0,"9":0,"10":0,"11":0,"12":0},"f":{"0":0,"1":0,"2":0,"3":0,"4":0,"5":0},"b":{"0":[0,0],"1":[0,0],"2":[0,0],"3":[0,0],"4":[0],"5":[0,0]}}
,"/home/runner/work/EMBR-Web/EMBR-Web/client/src/app/hotspots/[id]/page.tsx": {"path":"/home/runner/work/EMBR-Web/EMBR-Web/client/src/app/hotspots/[id]/page.tsx","statementMap":{"0":{"start":{"line":5,"column":24},"end":{"line":5,"column":null}},"1":{"start":{"line":3,"column":26},"end":{"line":3,"column":null}},"2":{"start":{"line":6,"column":17},"end":{"line":6,"column":null}},"3":{"start":{"line":7,"column":20},"end":{"line":7,"column":29}}},"fnMap":{"0":{"name":"HotspotDetail","decl":{"start":{"line":5,"column":24},"end":{"line":5,"column":null}},"loc":{"start":{"line":5,"column":24},"end":{"line":154,"column":null}}}},"branchMap":{},"s":{"0":0,"1":0,"2":0,"3":0},"f":{"0":0},"b":{}}
,"/home/runner/work/EMBR-Web/EMBR-Web/client/src/app/missions/page.tsx": {"path":"/home/runner/work/EMBR-Web/EMBR-Web/client/src/app/missions/page.tsx","statementMap":{"0":{"start":{"line":15,"column":24},"end":{"line":15,"column":null}},"1":{"start":{"line":4,"column":23},"end":{"line":4,"column":null}},"2":{"start":{"line":5,"column":17},"end":{"line":5,"column":null}},"3":{"start":{"line":7,"column":25},"end":{"line":7,"column":null}},"4":{"start":{"line":9,"column":56},"end":{"line":9,"column":null}},"5":{"start":{"line":10,"column":41},"end":{"line":10,"column":null}},"6":{"start":{"line":11,"column":40},"end":{"line":11,"column":null}},"7":{"start":{"line":13,"column":31},"end":{"line":13,"column":null}},"8":{"start":{"line":16,"column":57},"end":{"line":16,"column":null}},"9":{"start":{"line":17,"column":28},"end":{"line":17,"column":null}},"10":{"start":{"line":18,"column":30},"end":{"line":18,"column":null}},"11":{"start":{"line":19,"column":32},"end":{"line":60,"column":null}},"12":{"start":{"line":20,"column":4},"end":{"line":20,"column":null}},"13":{"start":{"line":23,"column":27},"end":{"line":34,"column":null}},"14":{"start":{"line":24,"column":6},"end":{"line":32,"column":null}},"15":{"start":{"line":25,"column":31},"end":{"line":25,"column":null}},"16":{"start":{"line":26,"column":8},"end":{"line":30,"column":null}},"17":{"start":{"line":27,"column":10},"end":{"line":27,"column":null}},"18":{"start":{"line":29,"column":10},"end":{"line":29,"column":null}},"19":{"start":{"line":31,"column":8},"end":{"line":31,"column":null}},"20":{"start":{"line":33,"column":6},"end":{"line":33,"column":null}},"21":{"start":{"line":36,"column":27},"end":{"line":36,"column":null}},"22":{"start":{"line":36,"column":54},"end":{"line":36,"column":null}},"23":{"start":{"line":38,"column":61},"end":{"line":38,"column":null}},"24":{"start":{"line":40,"column":4},"end":{"line":44,"column":null}},"25":{"start":{"line":41,"column":6},"end":{"line":41,"column":null}},"26":{"start":{"line":42,"column":11},"end":{"line":44,"column":null}},"27":{"start":{"line":43,"column":6},"end":{"line":43,"column":null}},"28":{"start":{"line":46,"column":4},"end":{"line":53,"column":null}},"29":{"start":{"line":47,"column":26},"end":{"line":47,"column":null}},"30":{"start":{"line":48,"column":6},"end":{"line":50,"column":null}},"31":{"start":{"line":49,"column":8},"end":{"line":50,"column":null}},"32":{"start":{"line":50,"column":10},"end":{"line":50,"column":null}},"33":{"start":{"line":55,"column":4},"end":{"line":55,"column":null}},"34":{"start":{"line":58,"column":21},"end":{"line":58,"column":null}},"35":{"start":{"line":59,"column":4},"end":{"line":59,"column":null}},"36":{"start":{"line":62,"column":23},"end":{"line":74,"column":null}},"37":{"start":{"line":63,"column":22},"end":{"line":63,"column":null}},"38":{"start":{"line":64,"column":4},"end":{"line":64,"column":null}},"39":{"start":{"line":64,"column":20},"end":{"line":64,"column":null}},"40":{"start":{"line":66,"column":4},"end":{"line":73,"column":null}},"41":{"start":{"line":67,"column":23},"end":{"line":67,"column":null}},"42":{"start":{"line":68,"column":6},"end":{"line":68,"column":null}},"43":{"start":{"line":70,"column":6},"end":{"line":70,"column":null}},"44":{"start":{"line":70,"column":29},"end":{"line":70,"column":null}},"45":{"start":{"line":70,"column":55},"end":{"line":70,"column":84}},"46":{"start":{"line":72,"column":6},"end":{"line":72,"column":null}},"47":{"start":{"line":92,"column":29},"end":{"line":92,"column":null}},"48":{"start":{"line":102,"column":29},"end":{"line":102,"column":null}},"49":{"start":{"line":112,"column":29},"end":{"line":112,"column":null}},"50":{"start":{"line":139,"column":22},"end":{"line":141,"column":58}},"51":{"start":{"line":144,"column":20},"end":{"line":146,"column":null}},"52":{"start":{"line":159,"column":54},"end":{"line":159,"column":null}},"53":{"start":{"line":159,"column":71},"end":{"line":159,"column":null}},"54":{"start":{"line":160,"column":42},"end":{"line":160,"column":null}},"55":{"start":{"line":209,"column":47},"end":{"line":209,"column":null}}},"fnMap":{"0":{"name":"Missions","decl":{"start":{"line":15,"column":24},"end":{"line":15,"column":null}},"loc":{"start":{"line":15,"column":24},"end":{"line":227,"column":null}}},"1":{"name":"(anonymous_3)","decl":{"start":{"line":19,"column":32},"end":{"line":19,"column":39}},"loc":{"start":{"line":19,"column":74},"end":{"line":60,"column":null}}},"2":{"name":"(anonymous_4)","decl":{"start":{"line":23,"column":52},"end":{"line":23,"column":53}},"loc":{"start":{"line":23,"column":53},"end":{"line":34,"column":null}}},"3":{"name":"(anonymous_5)","decl":{"start":{"line":36,"column":47},"end":{"line":36,"column":48}},"loc":{"start":{"line":36,"column":54},"end":{"line":36,"column":null}}},"4":{"name":"(anonymous_6)","decl":{"start":{"line":48,"column":14},"end":{"line":48,"column":15}},"loc":{"start":{"line":49,"column":8},"end":{"line":50,"column":null}}},"5":{"name":"(anonymous_7)","decl":{"start":{"line":49,"column":21},"end":{"line":49,"column":22}},"loc":{"start":{"line":50,"column":10},"end":{"line":50,"column":null}}},"6":{"name":"(anonymous_8)","decl":{"start":{"line":62,"column":23},"end":{"line":62,"column":30}},"loc":{"start":{"line":62,"column":49},"end":{"line":74,"column":null}}},"7":{"name":"(anonymous_9)","decl":{"start":{"line":70,"column":18},"end":{"line":70,"column":19}},"loc":{"start":{"line":70,"column":29},"end":{"line":70,"column":null}}},"8":{"name":"(anonymous_10)","decl":{"start":{"line":70,"column":48},"end":{"line":70,"column":49}},"loc":{"start":{"line":70,"column":55},"end":{"line":70,"column":84}}},"9":{"name":"(anonymous_11)","decl":{"start":{"line":92,"column":23},"end":{"line":92,"column":29}},"loc":{"start":{"line":92,"column":29},"end":{"line":92,"column":null}}},"10":{"name":"(anonymous_12)","decl":{"start":{"line":102,"column":23},"end":{"line":102,"column":29}},"loc":{"start":{"line":102,"column":29},"end":{"line":102,"column":null}}},"11":{"name":"(anonymous_13)","decl":{"start":{"line":112,"column":23},"end":{"line":112,"column":29}},"loc":{"start":{"line":112,"column":29},"end":{"line":112,"column":null}}},"12":{"name":"(anonymous_14)","decl":{"start":{"line":138,"column":20},"end":{"line":138,"column":21}},"loc":{"start":{"line":139,"column":22},"end":{"line":141,"column":58}}},"13":{"name":"(anonymous_15)","decl":{"start":{"line":143,"column":23},"end":{"line":143,"column":24}},"loc":{"start":{"line":143,"column":24},"end":{"line":219,"column":null}}},"14":{"name":"(anonymous_16)","decl":{"start":{"line":158,"column":45},"end":{"line":158,"column":46}},"loc":{"start":{"line":158,"column":46},"end":{"line":161,"column":null}}},"15":{"name":"(anonymous_17)","decl":{"start":{"line":159,"column":64},"end":{"line":159,"column":65}},"loc":{"start":{"line":159,"column":71},"end":{"line":159,"column":null}}},"16":{"name":"(anonymous_18)","decl":{"start":{"line":209,"column":41},"end":{"line":209,"column":47}},"loc":{"start":{"line":209,"column":47},"end":{"line":209,"column":null}}}},"branchMap":{"0":{"loc":{"start":{"line":23,"column":28},"end":{"line":23,"column":45}},"type":"binary-expr","locations":[{"start":{"line":23,"column":28},"end":{"line":23,"column":44}},{"start":{"line":23,"column":44},"end":{"line":23,"column":45}}]},"1":{"loc":{"start":{"line":24,"column":6},"end":{"line":32,"column":null}},"type":"if","locations":[{"start":{"line":24,"column":6},"end":{"line":32,"column":null}}]},"2":{"loc":{"start":{"line":26,"column":8},"end":{"line":30,"column":null}},"type":"if","locations":[{"start":{"line":26,"column":8},"end":{"line":30,"column":null}},{"start":{"line":28,"column":15},"end":{"line":30,"column":null}}]},"3":{"loc":{"start":{"line":40,"column":4},"end":{"line":44,"column":null}},"type":"if","locations":[{"start":{"line":40,"column":4},"end":{"line":44,"column":null}},{"start":{"line":42,"column":11},"end":{"line":44,"column":null}}]},"4":{"loc":{"start":{"line":42,"column":11},"end":{"line":44,"column":null}},"type":"if","locations":[{"start":{"line":42,"column":11},"end":{"line":44,"column":null}}]},"5":{"loc":{"start":{"line":46,"column":4},"end":{"line":53,"column":null}},"type":"if","locations":[{"start":{"line":46,"column":4},"end":{"line":53,"column":null}}]},"6":{"loc":{"start":{"line":50,"column":10},"end":{"line":50,"column":null}},"type":"cond-expr","locations":[{"start":{"line":50,"column":36},"end":{"line":50,"column":81}},{"start":{"line":50,"column":81},"end":{"line":50,"column":null}}]},"7":{"loc":{"start":{"line":58,"column":21},"end":{"line":58,"column":null}},"type":"cond-expr","locations":[{"start":{"line":58,"column":37},"end":{"line":58,"column":69}},{"start":{"line":58,"column":69},"end":{"line":58,"column":null}}]},"8":{"loc":{"start":{"line":64,"column":4},"end":{"line":64,"column":null}},"type":"if","locations":[{"start":{"line":64,"column":4},"end":{"line":64,"column":null}}]},"9":{"loc":{"start":{"line":70,"column":29},"end":{"line":70,"column":null}},"type":"cond-expr","locations":[{"start":{"line":70,"column":36},"end":{"line":70,"column":84}},{"start":{"line":70,"column":84},"end":{"line":70,"column":null}}]},"10":{"loc":{"start":{"line":72,"column":12},"end":{"line":72,"column":null}},"type":"binary-expr","locations":[{"start":{"line":72,"column":12},"end":{"line":72,"column":25}},{"start":{"line":72,"column":29},"end":{"line":72,"column":null}}]},"11":{"loc":{"start":{"line":94,"column":16},"end":{"line":96,"column":null}},"type":"cond-expr","locations":[{"start":{"line":95,"column":20},"end":{"line":95,"column":null}},{"start":{"line":96,"column":20},"end":{"line":96,"column":null}}]},"12":{"loc":{"start":{"line":104,"column":16},"end":{"line":106,"column":null}},"type":"cond-expr","locations":[{"start":{"line":105,"column":20},"end":{"line":105,"column":null}},{"start":{"line":106,"column":20},"end":{"line":106,"column":null}}]},"13":{"loc":{"start":{"line":114,"column":16},"end":{"line":116,"column":null}},"type":"cond-expr","locations":[{"start":{"line":115,"column":20},"end":{"line":115,"column":null}},{"start":{"line":116,"column":20},"end":{"line":116,"column":null}}]},"14":{"loc":{"start":{"line":129,"column":14},"end":{"line":130,"column":17}},"type":"cond-expr","locations":[{"start":{"line":129,"column":14},"end":{"line":130,"column":17}}]},"15":{"loc":{"start":{"line":131,"column":14},"end":{"line":135,"column":15}},"type":"cond-expr","locations":[{"start":{"line":131,"column":14},"end":{"line":135,"column":15}}]},"16":{"loc":{"start":{"line":130,"column":16},"end":{"line":130,"column":null}},"type":"binary-expr","locations":[{"start":{"line":130,"column":16},"end":{"line":130,"column":33}},{"start":{"line":130,"column":33},"end":{"line":130,"column":null}}]},"17":{"loc":{"start":{"line":139,"column":22},"end":{"line":141,"column":58}},"type":"binary-expr","locations":[{"start":{"line":139,"column":22},"end":{"line":139,"column":null}},{"start":{"line":140,"column":23},"end":{"line":140,"column":46}},{"start":{"line":140,"column":46},"end":{"line":140,"column":56}},{"start":{"line":141,"column":23},"end":{"line":141,"column":49}},{"start":{"line":141,"column":49},"end":{"line":141,"column":58}}]},"18":{"loc":{"start":{"line":156,"column":35},"end":{"line":163,"column":null}},"type":"cond-expr","locations":[{"start":{"line":157,"column":38},"end":{"line":162,"column":null}},{"start":{"line":163,"column":38},"end":{"line":163,"column":null}}]},"19":{"loc":{"start":{"line":156,"column":35},"end":{"line":156,"column":null}},"type":"binary-expr","locations":[{"start":{"line":156,"column":35},"end":{"line":156,"column":55}},{"start":{"line":156,"column":59},"end":{"line":156,"column":null}}]},"20":{"loc":{"start":{"line":160,"column":49},"end":{"line":160,"column":81}},"type":"cond-expr","locations":[{"start":{"line":160,"column":55},"end":{"line":160,"column":63}},{"start":{"line":160,"column":66},"end":{"line":160,"column":81}}]},"21":{"loc":{"start":{"line":176,"column":60},"end":{"line":176,"column":null}},"type":"binary-expr","locations":[{"start":{"line":176,"column":60},"end":{"line":176,"column":88}},{"start":{"line":176,"column":88},"end":{"line":176,"column":null}}]}},"s":{"0":0,"1":0,"2":0,"3":0,"4":0,"5":0,"6":0,"7":0,"8":0,"9":0,"10":0,"11":0,"12":0,"13":0,"14":0,"15":0,"16":0,"17":0,"18":0,"19":0,"20":0,"21":0,"22":0,"23":0,"24":0,"25":0,"26":0,"27":0,"28":0,"29":0,"30":0,"31":0,"32":0,"33":0,"34":0,"35":0,"36":0,"37":0,"38":0,"39":0,"40":0,"41":0,"42":0,"43":0,"44":0,"45":0,"46":0,"47":0,"48":0,"49":0,"50":0,"51":0,"52":0,"53":0,"54":0,"55":0},"f":{"0":0,"1":0,"2":0,"3":0,"4":0,"5":0,"6":0,"7":0,"8":0,"9":0,"10":0,"11":0,"12":0,"13":0,"14":0,"15":0,"16":0},"b":{"0":[0,0],"1":[0],"2":[0,0],"3":[0,0],"4":[0],"5":[0],"6":[0,0],"7":[0,0],"8":[0],"9":[0,0],"10":[0,0],"11":[0,0],"12":[0,0],"13":[0,0],"14":[0],"15":[0],"16":[0,0],"17":[0,0,0,0,0],"18":[0,0],"19":[0,0],"20":[0,0],"21":[0,0]}}
,"/home/runner/work/EMBR-Web/EMBR-Web/client/src/app/missions/[id]/page.tsx": {"path":"/home/runner/work/EMBR-Web/EMBR-Web/client/src/app/missions/[id]/page.tsx","statementMap":{"0":{"start":{"line":14,"column":24},"end":{"line":14,"column":null}},"1":{"start":{"line":3,"column":23},"end":{"line":3,"column":null}},"2":{"start":{"line":4,"column":37},"end":{"line":4,"column":null}},"3":{"start":{"line":5,"column":18},"end":{"line":5,"column":null}},"4":{"start":{"line":7,"column":56},"end":{"line":7,"column":null}},"5":{"start":{"line":8,"column":28},"end":{"line":8,"column":null}},"6":{"start":{"line":9,"column":25},"end":{"line":9,"column":null}},"7":{"start":{"line":10,"column":41},"end":{"line":10,"column":null}},"8":{"start":{"line":11,"column":39},"end":{"line":11,"column":null}},"9":{"start":{"line":15,"column":17},"end":{"line":15,"column":null}},"10":{"start":{"line":16,"column":17},"end":{"line":16,"column":null}},"11":{"start":{"line":17,"column":20},"end":{"line":17,"column":null}},"12":{"start":{"line":19,"column":38},"end":{"line":19,"column":null}},"13":{"start":{"line":20,"column":28},"end":{"line":20,"column":null}},"14":{"start":{"line":22,"column":18},"end":{"line":22,"column":null}},"15":{"start":{"line":23,"column":22},"end":{"line":23,"column":null}},"16":{"start":{"line":23,"column":39},"end":{"line":23,"column":null}},"17":{"start":{"line":25,"column":32},"end":{"line":55,"column":null}},"18":{"start":{"line":26,"column":4},"end":{"line":26,"column":null}},"19":{"start":{"line":28,"column":4},"end":{"line":32,"column":null}},"20":{"start":{"line":29,"column":6},"end":{"line":29,"column":null}},"21":{"start":{"line":30,"column":11},"end":{"line":32,"column":null}},"22":{"start":{"line":31,"column":6},"end":{"line":31,"column":null}},"23":{"start":{"line":34,"column":61},"end":{"line":34,"column":null}},"24":{"start":{"line":36,"column":4},"end":{"line":40,"column":null}},"25":{"start":{"line":37,"column":6},"end":{"line":37,"column":null}},"26":{"start":{"line":38,"column":11},"end":{"line":40,"column":null}},"27":{"start":{"line":39,"column":6},"end":{"line":39,"column":null}},"28":{"start":{"line":42,"column":4},"end":{"line":49,"column":null}},"29":{"start":{"line":43,"column":26},"end":{"line":43,"column":null}},"30":{"start":{"line":44,"column":6},"end":{"line":46,"column":null}},"31":{"start":{"line":45,"column":8},"end":{"line":46,"column":null}},"32":{"start":{"line":46,"column":10},"end":{"line":46,"column":null}},"33":{"start":{"line":50,"column":4},"end":{"line":50,"column":null}},"34":{"start":{"line":53,"column":21},"end":{"line":53,"column":null}},"35":{"start":{"line":54,"column":4},"end":{"line":54,"column":null}},"36":{"start":{"line":57,"column":23},"end":{"line":68,"column":null}},"37":{"start":{"line":58,"column":22},"end":{"line":58,"column":null}},"38":{"start":{"line":59,"column":4},"end":{"line":59,"column":null}},"39":{"start":{"line":59,"column":20},"end":{"line":59,"column":null}},"40":{"start":{"line":61,"column":4},"end":{"line":67,"column":null}},"41":{"start":{"line":62,"column":23},"end":{"line":62,"column":null}},"42":{"start":{"line":63,"column":6},"end":{"line":63,"column":null}},"43":{"start":{"line":64,"column":6},"end":{"line":64,"column":null}},"44":{"start":{"line":66,"column":6},"end":{"line":66,"column":null}},"45":{"start":{"line":120,"column":33},"end":{"line":120,"column":null}}},"fnMap":{"0":{"name":"MissionDetail","decl":{"start":{"line":14,"column":24},"end":{"line":14,"column":null}},"loc":{"start":{"line":14,"column":24},"end":{"line":133,"column":null}}},"1":{"name":"(anonymous_3)","decl":{"start":{"line":23,"column":32},"end":{"line":23,"column":33}},"loc":{"start":{"line":23,"column":39},"end":{"line":23,"column":null}}},"2":{"name":"(anonymous_4)","decl":{"start":{"line":25,"column":32},"end":{"line":25,"column":39}},"loc":{"start":{"line":25,"column":67},"end":{"line":55,"column":null}}},"3":{"name":"(anonymous_5)","decl":{"start":{"line":44,"column":14},"end":{"line":44,"column":15}},"loc":{"start":{"line":45,"column":8},"end":{"line":46,"column":null}}},"4":{"name":"(anonymous_6)","decl":{"start":{"line":45,"column":21},"end":{"line":45,"column":22}},"loc":{"start":{"line":46,"column":10},"end":{"line":46,"column":null}}},"5":{"name":"(anonymous_7)","decl":{"start":{"line":57,"column":23},"end":{"line":57,"column":30}},"loc":{"start":{"line":57,"column":49},"end":{"line":68,"column":null}}},"6":{"name":"(anonymous_8)","decl":{"start":{"line":120,"column":27},"end":{"line":120,"column":33}},"loc":{"start":{"line":120,"column":33},"end":{"line":120,"column":null}}}},"branchMap":{"0":{"loc":{"start":{"line":28,"column":4},"end":{"line":32,"column":null}},"type":"if","locations":[{"start":{"line":28,"column":4},"end":{"line":32,"column":null}},{"start":{"line":30,"column":11},"end":{"line":32,"column":null}}]},"1":{"loc":{"start":{"line":30,"column":11},"end":{"line":32,"column":null}},"type":"if","locations":[{"start":{"line":30,"column":11},"end":{"line":32,"column":null}}]},"2":{"loc":{"start":{"line":36,"column":4},"end":{"line":40,"column":null}},"type":"if","locations":[{"start":{"line":36,"column":4},"end":{"line":40,"column":null}},{"start":{"line":38,"column":11},"end":{"line":40,"column":null}}]},"3":{"loc":{"start":{"line":38,"column":11},"end":{"line":40,"column":null}},"type":"if","locations":[{"start":{"line":38,"column":11},"end":{"line":40,"column":null}}]},"4":{"loc":{"start":{"line":42,"column":4},"end":{"line":49,"column":null}},"type":"if","locations":[{"start":{"line":42,"column":4},"end":{"line":49,"column":null}}]},"5":{"loc":{"start":{"line":46,"column":10},"end":{"line":46,"column":null}},"type":"cond-expr","locations":[{"start":{"line":46,"column":36},"end":{"line":46,"column":81}},{"start":{"line":46,"column":81},"end":{"line":46,"column":null}}]},"6":{"loc":{"start":{"line":53,"column":28},"end":{"line":53,"column":94}},"type":"cond-expr","locations":[{"start":{"line":53,"column":36},"end":{"line":53,"column":68}},{"start":{"line":53,"column":68},"end":{"line":53,"column":94}}]},"7":{"loc":{"start":{"line":54,"column":27},"end":{"line":54,"column":55}},"type":"cond-expr","locations":[{"start":{"line":54,"column":35},"end":{"line":54,"column":47}},{"start":{"line":54,"column":47},"end":{"line":54,"column":55}}]},"8":{"loc":{"start":{"line":59,"column":4},"end":{"line":59,"column":null}},"type":"if","locations":[{"start":{"line":59,"column":4},"end":{"line":59,"column":null}}]},"9":{"loc":{"start":{"line":66,"column":12},"end":{"line":66,"column":null}},"type":"binary-expr","locations":[{"start":{"line":66,"column":12},"end":{"line":66,"column":25}},{"start":{"line":66,"column":29},"end":{"line":66,"column":null}}]},"10":{"loc":{"start":{"line":77,"column":20},"end":{"line":77,"column":52}},"type":"cond-expr","locations":[{"start":{"line":77,"column":34},"end":{"line":77,"column":50}},{"start":{"line":77,"column":50},"end":{"line":77,"column":52}}]},"11":{"loc":{"start":{"line":78,"column":28},"end":{"line":78,"column":52}},"type":"cond-expr","locations":[{"start":{"line":78,"column":38},"end":{"line":78,"column":50}},{"start":{"line":78,"column":50},"end":{"line":78,"column":52}}]},"12":{"loc":{"start":{"line":86,"column":46},"end":{"line":86,"column":null}},"type":"binary-expr","locations":[{"start":{"line":86,"column":46},"end":{"line":86,"column":70}},{"start":{"line":86,"column":70},"end":{"line":86,"column":null}}]},"13":{"loc":{"start":{"line":95,"column":14},"end":{"line":97,"column":15}},"type":"cond-expr","locations":[{"start":{"line":95,"column":14},"end":{"line":97,"column":15}}]},"14":{"loc":{"start":{"line":94,"column":13},"end":{"line":94,"column":null}},"type":"binary-expr","locations":[{"start":{"line":94,"column":13},"end":{"line":94,"column":24}},{"start":{"line":94,"column":24},"end":{"line":94,"column":null}}]},"15":{"loc":{"start":{"line":107,"column":15},"end":{"line":114,"column":null}},"type":"binary-expr","locations":[{"start":{"line":107,"column":15},"end":{"line":107,"column":null}},{"start":{"line":108,"column":16},"end":{"line":114,"column":null}}]},"16":{"loc":{"start":{"line":117,"column":15},"end":{"line":117,"column":null}},"type":"binary-expr","locations":[{"start":{"line":117,"column":15},"end":{"line":117,"column":null}}]}},"s":{"0":0,"1":0,"2":0,"3":0,"4":0,"5":0,"6":0,"7":0,"8":0,"9":0,"10":0,"11":0,"12":0,"13":0,"14":0,"15":0,"16":0,"17":0,"18":0,"19":0,"20":0,"21":0,"22":0,"23":0,"24":0,"25":0,"26":0,"27":0,"28":0,"29":0,"30":0,"31":0,"32":0,"33":0,"34":0,"35":0,"36":0,"37":0,"38":0,"39":0,"40":0,"41":0,"42":0,"43":0,"44":0,"45":0},"f":{"0":0,"1":0,"2":0,"3":0,"4":0,"5":0,"6":0},"b":{"0":[0,0],"1":[0],"2":[0,0],"3":[0],"4":[0],"5":[0,0],"6":[0,0],"7":[0,0],"8":[0],"9":[0,0],"10":[0,0],"11":[0,0],"12":[0,0],"13":[0],"14":[0,0],"15":[0,0],"16":[0]}}
,"/home/runner/work/EMBR-Web/EMBR-Web/client/src/app/missions/create/page.tsx": {"path":"/home/runner/work/EMBR-Web/EMBR-Web/client/src/app/missions/create/page.tsx","statementMap":{"0":{"start":{"line":13,"column":24},"end":{"line":13,"column":null}},"1":{"start":{"line":3,"column":26},"end":{"line":3,"column":null}},"2":{"start":{"line":4,"column":43},"end":{"line":4,"column":null}},"3":{"start":{"line":6,"column":30},"end":{"line":6,"column":null}},"4":{"start":{"line":7,"column":28},"end":{"line":7,"column":null}},"5":{"start":{"line":8,"column":27},"end":{"line":8,"column":null}},"6":{"start":{"line":9,"column":28},"end":{"line":9,"column":null}},"7":{"start":{"line":14,"column":17},"end":{"line":14,"column":null}},"8":{"start":{"line":17,"column":40},"end":{"line":17,"column":null}},"9":{"start":{"line":18,"column":44},"end":{"line":18,"column":58}},"10":{"start":{"line":19,"column":42},"end":{"line":19,"column":null}},"11":{"start":{"line":21,"column":32},"end":{"line":21,"column":null}},"12":{"start":{"line":22,"column":54},"end":{"line":22,"column":null}},"13":{"start":{"line":23,"column":46},"end":{"line":23,"column":null}},"14":{"start":{"line":26,"column":36},"end":{"line":26,"column":null}},"15":{"start":{"line":27,"column":36},"end":{"line":27,"column":null}},"16":{"start":{"line":30,"column":40},"end":{"line":30,"column":null}},"17":{"start":{"line":31,"column":36},"end":{"line":31,"column":null}},"18":{"start":{"line":33,"column":27},"end":{"line":38,"column":null}},"19":{"start":{"line":35,"column":4},"end":{"line":35,"column":null}},"20":{"start":{"line":36,"column":4},"end":{"line":36,"column":null}},"21":{"start":{"line":37,"column":4},"end":{"line":37,"column":null}},"22":{"start":{"line":40,"column":26},"end":{"line":44,"column":null}},"23":{"start":{"line":41,"column":4},"end":{"line":42,"column":null}},"24":{"start":{"line":42,"column":6},"end":{"line":42,"column":null}},"25":{"start":{"line":42,"column":49},"end":{"line":42,"column":65}},"26":{"start":{"line":46,"column":23},"end":{"line":80,"column":null}},"27":{"start":{"line":47,"column":4},"end":{"line":47,"column":null}},"28":{"start":{"line":49,"column":4},"end":{"line":52,"column":null}},"29":{"start":{"line":50,"column":6},"end":{"line":50,"column":null}},"30":{"start":{"line":51,"column":6},"end":{"line":51,"column":null}},"31":{"start":{"line":54,"column":4},"end":{"line":57,"column":null}},"32":{"start":{"line":55,"column":6},"end":{"line":55,"column":null}},"33":{"start":{"line":56,"column":6},"end":{"line":56,"column":null}},"34":{"start":{"line":59,"column":4},"end":{"line":59,"column":null}},"35":{"start":{"line":61,"column":4},"end":{"line":79,"column":null}},"36":{"start":{"line":62,"column":38},"end":{"line":71,"column":null}},"37":{"start":{"line":73,"column":21},"end":{"line":73,"column":null}},"38":{"start":{"line":74,"column":6},"end":{"line":74,"column":null}},"39":{"start":{"line":76,"column":6},"end":{"line":76,"column":null}},"40":{"start":{"line":77,"column":6},"end":{"line":77,"column":null}},"41":{"start":{"line":78,"column":6},"end":{"line":78,"column":null}},"42":{"start":{"line":82,"column":33},"end":{"line":91,"column":null}},"43":{"start":{"line":83,"column":21},"end":{"line":83,"column":null}},"44":{"start":{"line":84,"column":4},"end":{"line":84,"column":null}},"45":{"start":{"line":84,"column":25},"end":{"line":84,"column":null}},"46":{"start":{"line":86,"column":4},"end":{"line":90,"column":null}},"47":{"start":{"line":87,"column":6},"end":{"line":87,"column":null}},"48":{"start":{"line":87,"column":30},"end":{"line":87,"column":null}},"49":{"start":{"line":89,"column":6},"end":{"line":89,"column":null}},"50":{"start":{"line":89,"column":30},"end":{"line":89,"column":null}},"51":{"start":{"line":110,"column":33},"end":{"line":110,"column":null}},"52":{"start":{"line":123,"column":33},"end":{"line":123,"column":null}},"53":{"start":{"line":144,"column":20},"end":{"line":145,"column":null}},"54":{"start":{"line":151,"column":40},"end":{"line":151,"column":null}},"55":{"start":{"line":194,"column":33},"end":{"line":194,"column":null}},"56":{"start":{"line":221,"column":39},"end":{"line":221,"column":null}},"57":{"start":{"line":232,"column":39},"end":{"line":232,"column":null}},"58":{"start":{"line":250,"column":39},"end":{"line":250,"column":null}},"59":{"start":{"line":261,"column":39},"end":{"line":261,"column":null}},"60":{"start":{"line":274,"column":31},"end":{"line":274,"column":null}},"61":{"start":{"line":306,"column":14},"end":{"line":306,"column":null}},"62":{"start":{"line":307,"column":14},"end":{"line":307,"column":null}},"63":{"start":{"line":309,"column":38},"end":{"line":309,"column":null}}},"fnMap":{"0":{"name":"CreateMissionPage","decl":{"start":{"line":13,"column":24},"end":{"line":13,"column":null}},"loc":{"start":{"line":13,"column":24},"end":{"line":315,"column":null}}},"1":{"name":"(anonymous_6)","decl":{"start":{"line":33,"column":27},"end":{"line":33,"column":null}},"loc":{"start":{"line":33,"column":27},"end":{"line":38,"column":null}}},"2":{"name":"(anonymous_7)","decl":{"start":{"line":40,"column":26},"end":{"line":40,"column":27}},"loc":{"start":{"line":40,"column":27},"end":{"line":44,"column":null}}},"3":{"name":"(anonymous_8)","decl":{"start":{"line":41,"column":22},"end":{"line":41,"column":23}},"loc":{"start":{"line":42,"column":6},"end":{"line":42,"column":null}}},"4":{"name":"(anonymous_9)","decl":{"start":{"line":42,"column":41},"end":{"line":42,"column":42}},"loc":{"start":{"line":42,"column":49},"end":{"line":42,"column":65}}},"5":{"name":"(anonymous_10)","decl":{"start":{"line":46,"column":23},"end":{"line":46,"column":30}},"loc":{"start":{"line":46,"column":30},"end":{"line":80,"column":null}}},"6":{"name":"(anonymous_11)","decl":{"start":{"line":82,"column":33},"end":{"line":82,"column":34}},"loc":{"start":{"line":82,"column":77},"end":{"line":91,"column":null}}},"7":{"name":"(anonymous_12)","decl":{"start":{"line":87,"column":19},"end":{"line":87,"column":20}},"loc":{"start":{"line":87,"column":30},"end":{"line":87,"column":null}}},"8":{"name":"(anonymous_13)","decl":{"start":{"line":89,"column":19},"end":{"line":89,"column":20}},"loc":{"start":{"line":89,"column":30},"end":{"line":89,"column":null}}},"9":{"name":"(anonymous_14)","decl":{"start":{"line":110,"column":26},"end":{"line":110,"column":27}},"loc":{"start":{"line":110,"column":33},"end":{"line":110,"column":null}}},"10":{"name":"(anonymous_15)","decl":{"start":{"line":123,"column":26},"end":{"line":123,"column":27}},"loc":{"start":{"line":123,"column":33},"end":{"line":123,"column":null}}},"11":{"name":"(anonymous_16)","decl":{"start":{"line":143,"column":28},"end":{"line":143,"column":29}},"loc":{"start":{"line":144,"column":20},"end":{"line":145,"column":null}}},"12":{"name":"(anonymous_17)","decl":{"start":{"line":151,"column":34},"end":{"line":151,"column":40}},"loc":{"start":{"line":151,"column":40},"end":{"line":151,"column":null}}},"13":{"name":"(anonymous_18)","decl":{"start":{"line":194,"column":27},"end":{"line":194,"column":33}},"loc":{"start":{"line":194,"column":33},"end":{"line":194,"column":null}}},"14":{"name":"(anonymous_19)","decl":{"start":{"line":221,"column":32},"end":{"line":221,"column":33}},"loc":{"start":{"line":221,"column":39},"end":{"line":221,"column":null}}},"15":{"name":"(anonymous_20)","decl":{"start":{"line":232,"column":32},"end":{"line":232,"column":33}},"loc":{"start":{"line":232,"column":39},"end":{"line":232,"column":null}}},"16":{"name":"(anonymous_21)","decl":{"start":{"line":250,"column":32},"end":{"line":250,"column":33}},"loc":{"start":{"line":250,"column":39},"end":{"line":250,"column":null}}},"17":{"name":"(anonymous_22)","decl":{"start":{"line":261,"column":32},"end":{"line":261,"column":33}},"loc":{"start":{"line":261,"column":39},"end":{"line":261,"column":null}}},"18":{"name":"(anonymous_23)","decl":{"start":{"line":274,"column":25},"end":{"line":274,"column":31}},"loc":{"start":{"line":274,"column":31},"end":{"line":274,"column":null}}},"19":{"name":"(anonymous_24)","decl":{"start":{"line":305,"column":31},"end":{"line":305,"column":32}},"loc":{"start":{"line":305,"column":36},"end":{"line":308,"column":null}}},"20":{"name":"(anonymous_25)","decl":{"start":{"line":309,"column":28},"end":{"line":309,"column":29}},"loc":{"start":{"line":309,"column":38},"end":{"line":309,"column":null}}}},"branchMap":{"0":{"loc":{"start":{"line":42,"column":6},"end":{"line":42,"column":null}},"type":"cond-expr","locations":[{"start":{"line":42,"column":29},"end":{"line":42,"column":65}},{"start":{"line":42,"column":65},"end":{"line":42,"column":null}}]},"1":{"loc":{"start":{"line":49,"column":4},"end":{"line":52,"column":null}},"type":"if","locations":[{"start":{"line":49,"column":4},"end":{"line":52,"column":null}}]},"2":{"loc":{"start":{"line":54,"column":4},"end":{"line":57,"column":null}},"type":"if","locations":[{"start":{"line":54,"column":4},"end":{"line":57,"column":null}}]},"3":{"loc":{"start":{"line":54,"column":8},"end":{"line":54,"column":34}},"type":"binary-expr","locations":[{"start":{"line":54,"column":8},"end":{"line":54,"column":22}},{"start":{"line":54,"column":22},"end":{"line":54,"column":34}}]},"4":{"loc":{"start":{"line":70,"column":22},"end":{"line":70,"column":null}},"type":"cond-expr","locations":[{"start":{"line":70,"column":50},"end":{"line":70,"column":67}},{"start":{"line":70,"column":67},"end":{"line":70,"column":null}}]},"5":{"loc":{"start":{"line":84,"column":4},"end":{"line":84,"column":null}},"type":"if","locations":[{"start":{"line":84,"column":4},"end":{"line":84,"column":null}}]},"6":{"loc":{"start":{"line":86,"column":4},"end":{"line":90,"column":null}},"type":"if","locations":[{"start":{"line":86,"column":4},"end":{"line":90,"column":null}},{"start":{"line":88,"column":11},"end":{"line":90,"column":null}}]},"7":{"loc":{"start":{"line":87,"column":36},"end":{"line":87,"column":62}},"type":"binary-expr","locations":[{"start":{"line":87,"column":36},"end":{"line":87,"column":44}},{"start":{"line":87,"column":44},"end":{"line":87,"column":62}}]},"8":{"loc":{"start":{"line":89,"column":36},"end":{"line":89,"column":62}},"type":"binary-expr","locations":[{"start":{"line":89,"column":36},"end":{"line":89,"column":44}},{"start":{"line":89,"column":44},"end":{"line":89,"column":62}}]},"9":{"loc":{"start":{"line":132,"column":29},"end":{"line":132,"column":95}},"type":"binary-expr","locations":[{"start":{"line":132,"column":29},"end":{"line":132,"column":58}},{"start":{"line":132,"column":58},"end":{"line":132,"column":95}}]},"10":{"loc":{"start":{"line":136,"column":16},"end":{"line":137,"column":23}},"type":"cond-expr","locations":[{"start":{"line":136,"column":16},"end":{"line":137,"column":23}}]},"11":{"loc":{"start":{"line":138,"column":16},"end":{"line":142,"column":17}},"type":"cond-expr","locations":[{"start":{"line":138,"column":16},"end":{"line":142,"column":17}}]},"12":{"loc":{"start":{"line":159,"column":30},"end":{"line":163,"column":null}},"type":"cond-expr","locations":[{"start":{"line":160,"column":34},"end":{"line":160,"column":null}},{"start":{"line":161,"column":34},"end":{"line":163,"column":null}}]},"13":{"loc":{"start":{"line":161,"column":34},"end":{"line":163,"column":null}},"type":"cond-expr","locations":[{"start":{"line":162,"column":36},"end":{"line":162,"column":null}},{"start":{"line":163,"column":36},"end":{"line":163,"column":null}}]},"14":{"loc":{"start":{"line":166,"column":29},"end":{"line":166,"column":null}},"type":"cond-expr","locations":[{"start":{"line":166,"column":43},"end":{"line":166,"column":60}},{"start":{"line":166,"column":63},"end":{"line":166,"column":null}}]},"15":{"loc":{"start":{"line":175,"column":15},"end":{"line":175,"column":46}},"type":"binary-expr","locations":[{"start":{"line":175,"column":15},"end":{"line":175,"column":46}},{"start":{"line":175,"column":46},"end":{"line":175,"column":null}}]},"16":{"loc":{"start":{"line":198,"column":19},"end":{"line":198,"column":null}},"type":"cond-expr","locations":[{"start":{"line":198,"column":33},"end":{"line":198,"column":59}},{"start":{"line":198,"column":59},"end":{"line":198,"column":null}}]},"17":{"loc":{"start":{"line":200,"column":17},"end":{"line":200,"column":null}},"type":"binary-expr","locations":[{"start":{"line":200,"column":17},"end":{"line":200,"column":null}}]},"18":{"loc":{"start":{"line":220,"column":29},"end":{"line":220,"column":null}},"type":"binary-expr","locations":[{"start":{"line":220,"column":29},"end":{"line":220,"column":47}},{"start":{"line":220,"column":47},"end":{"line":220,"column":null}}]},"19":{"loc":{"start":{"line":231,"column":29},"end":{"line":231,"column":null}},"type":"binary-expr","locations":[{"start":{"line":231,"column":29},"end":{"line":231,"column":47}},{"start":{"line":231,"column":47},"end":{"line":231,"column":null}}]},"20":{"loc":{"start":{"line":249,"column":29},"end":{"line":249,"column":null}},"type":"binary-expr","locations":[{"start":{"line":249,"column":29},"end":{"line":249,"column":47}},{"start":{"line":249,"column":47},"end":{"line":249,"column":null}}]},"21":{"loc":{"start":{"line":260,"column":29},"end":{"line":260,"column":null}},"type":"binary-expr","locations":[{"start":{"line":260,"column":29},"end":{"line":260,"column":47}},{"start":{"line":260,"column":47},"end":{"line":260,"column":null}}]},"22":{"loc":{"start":{"line":283,"column":26},"end":{"line":283,"column":null}},"type":"binary-expr","locations":[{"start":{"line":283,"column":26},"end":{"line":283,"column":42}},{"start":{"line":283,"column":42},"end":{"line":283,"column":65}},{"start":{"line":283,"column":65},"end":{"line":283,"column":79}},{"start":{"line":283,"column":79},"end":{"line":283,"column":null}}]},"23":{"loc":{"start":{"line":285,"column":18},"end":{"line":289,"column":null}},"type":"cond-expr","locations":[{"start":{"line":286,"column":22},"end":{"line":286,"column":null}},{"start":{"line":287,"column":22},"end":{"line":289,"column":null}}]},"24":{"loc":{"start":{"line":287,"column":22},"end":{"line":289,"column":null}},"type":"cond-expr","locations":[{"start":{"line":288,"column":24},"end":{"line":288,"column":null}},{"start":{"line":289,"column":24},"end":{"line":289,"column":null}}]},"25":{"loc":{"start":{"line":287,"column":22},"end":{"line":287,"column":null}},"type":"binary-expr","locations":[{"start":{"line":287,"column":22},"end":{"line":287,"column":36}},{"start":{"line":287,"column":36},"end":{"line":287,"column":null}}]},"26":{"loc":{"start":{"line":292,"column":17},"end":{"line":292,"column":null}},"type":"cond-expr","locations":[{"start":{"line":292,"column":32},"end":{"line":292,"column":48}},{"start":{"line":292,"column":48},"end":{"line":292,"column":null}}]},"27":{"loc":{"start":{"line":302,"column":26},"end":{"line":302,"column":40}},"type":"binary-expr","locations":[{"start":{"line":302,"column":26},"end":{"line":302,"column":38}},{"start":{"line":302,"column":38},"end":{"line":302,"column":40}}]},"28":{"loc":{"start":{"line":304,"column":30},"end":{"line":304,"column":null}},"type":"cond-expr","locations":[{"start":{"line":304,"column":55},"end":{"line":304,"column":82}},{"start":{"line":304,"column":82},"end":{"line":304,"column":null}}]},"29":{"loc":{"start":{"line":304,"column":30},"end":{"line":304,"column":55}},"type":"binary-expr","locations":[{"start":{"line":304,"column":30},"end":{"line":304,"column":43}},{"start":{"line":304,"column":43},"end":{"line":304,"column":55}}]}},"s":{"0":0,"1":0,"2":0,"3":0,"4":0,"5":0,"6":0,"7":0,"8":0,"9":0,"10":0,"11":0,"12":0,"13":0,"14":0,"15":0,"16":0,"17":0,"18":0,"19":0,"20":0,"21":0,"22":0,"23":0,"24":0,"25":0,"26":0,"27":0,"28":0,"29":0,"30":0,"31":0,"32":0,"33":0,"34":0,"35":0,"36":0,"37":0,"38":0,"39":0,"40":0,"41":0,"42":0,"43":0,"44":0,"45":0,"46":0,"47":0,"48":0,"49":0,"50":0,"51":0,"52":0,"53":0,"54":0,"55":0,"56":0,"57":0,"58":0,"59":0,"60":0,"61":0,"62":0,"63":0},"f":{"0":0,"1":0,"2":0,"3":0,"4":0,"5":0,"6":0,"7":0,"8":0,"9":0,"10":0,"11":0,"12":0,"13":0,"14":0,"15":0,"16":0,"17":0,"18":0,"19":0,"20":0},"b":{"0":[0,0],"1":[0],"2":[0],"3":[0,0],"4":[0,0],"5":[0],"6":[0,0],"7":[0,0],"8":[0,0],"9":[0,0],"10":[0],"11":[0],"12":[0,0],"13":[0,0],"14":[0,0],"15":[0,0],"16":[0,0],"17":[0],"18":[0,0],"19":[0,0],"20":[0,0],"21":[0,0],"22":[0,0,0,0],"23":[0,0],"24":[0,0],"25":[0,0],"26":[0,0],"27":[0,0],"28":[0,0],"29":[0,0]}}
,"/home/runner/work/EMBR-Web/EMBR-Web/client/src/app/reports/page.tsx": {"path":"/home/runner/work/EMBR-Web/EMBR-Web/client/src/app/reports/page.tsx","statementMap":{"0":{"start":{"line":5,"column":24},"end":{"line":5,"column":null}}},"fnMap":{"0":{"name":"Reports","decl":{"start":{"line":5,"column":24},"end":{"line":5,"column":null}},"loc":{"start":{"line":5,"column":24},"end":{"line":92,"column":null}}}},"branchMap":{},"s":{"0":0},"f":{"0":0},"b":{}}
,"/home/runner/work/EMBR-Web/EMBR-Web/client/src/app/settings/page.tsx": {"path":"/home/runner/work/EMBR-Web/EMBR-Web/client/src/app/settings/page.tsx","statementMap":{"0":{"start":{"line":5,"column":24},"end":{"line":5,"column":null}}},"fnMap":{"0":{"name":"Settings","decl":{"start":{"line":5,"column":24},"end":{"line":5,"column":null}},"loc":{"start":{"line":5,"column":24},"end":{"line":178,"column":null}}}},"branchMap":{},"s":{"0":0},"f":{"0":0},"b":{}}
,"/home/runner/work/EMBR-Web/EMBR-Web/client/src/app/team/page.tsx": {"path":"/home/runner/work/EMBR-Web/EMBR-Web/client/src/app/team/page.tsx","statementMap":{"0":{"start":{"line":5,"column":24},"end":{"line":5,"column":null}}},"fnMap":{"0":{"name":"Team","decl":{"start":{"line":5,"column":24},"end":{"line":5,"column":null}},"loc":{"start":{"line":5,"column":24},"end":{"line":95,"column":null}}}},"branchMap":{},"s":{"0":0},"f":{"0":0},"b":{}}
,"/home/runner/work/EMBR-Web/EMBR-Web/client/src/assets/icons.tsx": {"path":"/home/runner/work/EMBR-Web/EMBR-Web/client/src/assets/icons.tsx","statementMap":{"0":{"start":{"line":1,"column":13},"end":{"line":1,"column":null}}},"fnMap":{},"branchMap":{},"s":{"0":0},"f":{},"b":{}}
,"/home/runner/work/EMBR-Web/EMBR-Web/client/src/components/index.ts": {"path":"/home/runner/work/EMBR-Web/EMBR-Web/client/src/components/index.ts","statementMap":{"0":{"start":{"line":2,"column":14},"end":{"line":2,"column":null}},"1":{"start":{"line":3,"column":14},"end":{"line":3,"column":null}},"2":{"start":{"line":4,"column":14},"end":{"line":4,"column":null}},"3":{"start":{"line":5,"column":14},"end":{"line":5,"column":null}},"4":{"start":{"line":6,"column":14},"end":{"line":6,"column":null}}},"fnMap":{},"branchMap":{},"s":{"0":0,"1":0,"2":0,"3":0,"4":0},"f":{},"b":{}}
,"/home/runner/work/EMBR-Web/EMBR-Web/client/src/components/features/bot/BotInfoPanel.tsx": {"path":"/home/runner/work/EMBR-Web/EMBR-Web/client/src/components/features/bot/BotInfoPanel.tsx","statementMap":{"0":{"start":{"line":132,"column":0},"end":{"line":132,"column":15}},"1":{"start":{"line":3,"column":36},"end":{"line":3,"column":null}},"2":{"start":{"line":5,"column":21},"end":{"line":5,"column":null}},"3":{"start":{"line":9,"column":38},"end":{"line":10,"column":null}},"4":{"start":{"line":13,"column":42},"end":{"line":18,"column":null}},"5":{"start":{"line":20,"column":48},"end":{"line":25,"column":null}},"6":{"start":{"line":27,"column":42},"end":{"line":32,"column":null}},"7":{"start":{"line":34,"column":2},"end":{"line":68,"column":null}},"8":{"start":{"line":35,"column":4},"end":{"line":35,"column":30}},"9":{"start":{"line":35,"column":22},"end":{"line":35,"column":30}},"10":{"start":{"line":37,"column":4},"end":{"line":47,"column":null}},"11":{"start":{"line":49,"column":4},"end":{"line":57,"column":null}},"12":{"start":{"line":59,"column":4},"end":{"line":67,"column":null}},"13":{"start":{"line":75,"column":31},"end":{"line":75,"column":null}},"14":{"start":{"line":90,"column":31},"end":{"line":90,"column":null}},"15":{"start":{"line":105,"column":31},"end":{"line":105,"column":null}},"16":{"start":{"line":132,"column":15},"end":{"line":132,"column":null}}},"fnMap":{"0":{"name":"BotInfoPanel","decl":{"start":{"line":8,"column":9},"end":{"line":8,"column":22}},"loc":{"start":{"line":8,"column":65},"end":{"line":130,"column":null}}},"1":{"name":"(anonymous_3)","decl":{"start":{"line":34,"column":12},"end":{"line":34,"column":null}},"loc":{"start":{"line":34,"column":12},"end":{"line":68,"column":5}}},"2":{"name":"(anonymous_4)","decl":{"start":{"line":75,"column":25},"end":{"line":75,"column":31}},"loc":{"start":{"line":75,"column":31},"end":{"line":75,"column":null}}},"3":{"name":"(anonymous_5)","decl":{"start":{"line":90,"column":25},"end":{"line":90,"column":31}},"loc":{"start":{"line":90,"column":31},"end":{"line":90,"column":null}}},"4":{"name":"(anonymous_6)","decl":{"start":{"line":105,"column":25},"end":{"line":105,"column":31}},"loc":{"start":{"line":105,"column":31},"end":{"line":105,"column":null}}}},"branchMap":{"0":{"loc":{"start":{"line":35,"column":4},"end":{"line":35,"column":30}},"type":"if","locations":[{"start":{"line":35,"column":4},"end":{"line":35,"column":30}}]},"1":{"loc":{"start":{"line":40,"column":15},"end":{"line":40,"column":null}},"type":"cond-expr","locations":[{"start":{"line":40,"column":37},"end":{"line":40,"column":73}},{"start":{"line":40,"column":76},"end":{"line":40,"column":null}}]},"2":{"loc":{"start":{"line":44,"column":18},"end":{"line":44,"column":102}},"type":"binary-expr","locations":[{"start":{"line":44,"column":18},"end":{"line":44,"column":96}},{"start":{"line":44,"column":96},"end":{"line":44,"column":102}}]},"3":{"loc":{"start":{"line":55,"column":18},"end":{"line":55,"column":102}},"type":"binary-expr","locations":[{"start":{"line":55,"column":18},"end":{"line":55,"column":96}},{"start":{"line":55,"column":96},"end":{"line":55,"column":102}}]},"4":{"loc":{"start":{"line":60,"column":37},"end":{"line":60,"column":62}},"type":"binary-expr","locations":[{"start":{"line":60,"column":37},"end":{"line":60,"column":52}},{"start":{"line":60,"column":56},"end":{"line":60,"column":62}}]},"5":{"loc":{"start":{"line":61,"column":38},"end":{"line":61,"column":63}},"type":"binary-expr","locations":[{"start":{"line":61,"column":38},"end":{"line":61,"column":53}},{"start":{"line":61,"column":57},"end":{"line":61,"column":63}}]},"6":{"loc":{"start":{"line":65,"column":18},"end":{"line":65,"column":102}},"type":"binary-expr","locations":[{"start":{"line":65,"column":18},"end":{"line":65,"column":96}},{"start":{"line":65,"column":96},"end":{"line":65,"column":102}}]},"7":{"loc":{"start":{"line":77,"column":35},"end":{"line":77,"column":null}},"type":"cond-expr","locations":[{"start":{"line":77,"column":63},"end":{"line":77
[...]
,"/home/runner/work/EMBR-Web/EMBR-Web/client/src/constants/robotConstants.ts": {"path":"/home/runner/work/EMBR-Web/EMBR-Web/client/src/constants/robotConstants.ts","statementMap":{"0":{"start":{"line":26,"column":13},"end":{"line":26,"column":42}},"1":{"start":{"line":4,"column":42},"end":{"line":9,"column":null}},"2":{"start":{"line":12,"column":37},"end":{"line":17,"column":null}},"3":{"start":{"line":19,"column":36},"end":{"line":24,"column":null}},"4":{"start":{"line":26,"column":42},"end":{"line":47,"column":null}}},"fnMap":{},"branchMap":{},"s":{"0":0,"1":0,"2":0,"3":0,"4":0},"f":{},"b":{}}
,"/home/runner/work/EMBR-Web/EMBR-Web/client/src/context/WebSocketContext.tsx": {"path":"/home/runner/work/EMBR-Web/EMBR-Web/client/src/context/WebSocketContext.tsx","statementMap":{"0":{"start":{"line":28,"column":13},"end":{"line":28,"column":30}},"1":{"start":{"line":16,"column":13},"end":{"line":16,"column":25}},"2":{"start":{"line":3,"column":70},"end":{"line":3,"column":null}},"3":{"start":{"line":4,"column":27},"end":{"line":4,"column":null}},"4":{"start":{"line":11,"column":25},"end":{"line":14,"column":null}},"5":{"start":{"line":16,"column":28},"end":{"line":22,"column":null}},"6":{"start":{"line":17,"column":18},"end":{"line":17,"column":null}},"7":{"start":{"line":18,"column":2},"end":{"line":20,"column":null}},"8":{"start":{"line":19,"column":4},"end":{"line":19,"column":null}},"9":{"start":{"line":21,"column":2},"end":{"line":21,"column":null}},"10":{"start":{"line":28,"column":67},"end":{"line":68,"column":null}},"11":{"start":{"line":29,"column":30},"end":{"line":29,"column":null}},"12":{"start":{"line":30,"column":40},"end":{"line":30,"column":null}},"13":{"start":{"line":32,"column":2},"end":{"line":61,"column":null}},"14":{"start":{"line":34,"column":27},"end":{"line":39,"column":null}},"15":{"start":{"line":41,"column":4},"end":{"line":44,"column":null}},"16":{"start":{"line":42,"column":6},"end":{"line":42,"column":null}},"17":{"start":{"line":43,"column":6},"end":{"line":43,"column":null}},"18":{"start":{"line":46,"column":4},"end":{"line":49,"column":null}},"19":{"start":{"line":47,"column":6},"end":{"line":47,"column":null}},"20":{"start":{"line":48,"column":6},"end":{"line":48,"column":null}},"21":{"start":{"line":51,"column":4},"end":{"line":53,"column":null}},"22":{"start":{"line":52,"column":6},"end":{"line":52,"column":null}},"23":{"start":{"line":55,"column":4},"end":{"line":55,"column":null}},"24":{"start":{"line":58,"column":4},"end":{"line":60,"column":null}},"25":{"start":{"line":59,"column":6},"end":{"line":59,"column":null}}},"fnMap":{"0":{"name":"(anonymous_6)","decl":{"start":{"line":16,"column":28},"end":{"line":16,"column":null}},"loc":{"start":{"line":16,"column":28},"end":{"line":22,"column":null}}},"1":{"name":"(anonymous_7)","decl":{"start":{"line":28,"column":67},"end":{"line":28,"column":68}},"loc":{"start":{"line":28,"column":80},"end":{"line":68,"column":null}}},"2":{"name":"(anonymous_8)","decl":{"start":{"line":32,"column":12},"end":{"line":32,"column":null}},"loc":{"start":{"line":32,"column":12},"end":{"line":61,"column":5}}},"3":{"name":"(anonymous_9)","decl":{"start":{"line":41,"column":33},"end":{"line":41,"column":null}},"loc":{"start":{"line":41,"column":33},"end":{"line":44,"column":null}}},"4":{"name":"(anonymous_10)","decl":{"start":{"line":46,"column":36},"end":{"line":46,"column":null}},"loc":{"start":{"line":46,"column":36},"end":{"line":49,"column":null}}},"5":{"name":"(anonymous_11)","decl":{"start":{"line":51,"column":39},"end":{"line":51,"column":40}},"loc":{"start":{"line":51,"column":40},"end":{"line":53,"column":null}}},"6":{"name":"(anonymous_12)","decl":{"start":{"line":58,"column":11},"end":{"line":58,"column":null}},"loc":{"start":{"line":58,"column":11},"end":{"line":60,"column":null}}}},"branchMap":{"0":{"loc":{"start":{"line":18,"column":2},"end":{"line":20,"column":null}},"type":"if","locations":[{"start":{"line":18,"column":2},"end":{"line":20,"column":null}}]}},"s":{"0":0,"1":0,"2":0,"3":0,"4":0,"5":0,"6":0,"7":0,"8":0,"9":0,"10":0,"11":0,"12":0,"13":0,"14":0,"15":0,"16":0,"17":0,"18":0,"19":0,"20":0,"21":0,"22":0,"23":0,"24":0,"25":0},"f":{"0":0,"1":0,"2":0,"3":0,"4":0,"5":0,"6":0},"b":{"0":[0]}}
,"/home/runner/work/EMBR-Web/EMBR-Web/client/src/hooks/index.ts": {"path":"/home/runner/work/EMBR-Web/EMBR-Web/client/src/hooks/index.ts","statementMap":{"0":{"start":{"line":1,"column":14},"end":{"line":1,"column":null}},"1":{"start":{"line":2,"column":14},"end":{"line":2,"column":null}}},"fnMap":{},"branchMap":{},"s":{"0":0,"1":0},"f":{},"b":{}}
,"/home/runner/work/EMBR-Web/EMBR-Web/client/src/hooks/useBotData.tsx": {"path":"/home/runner/work/EMBR-Web/EMBR-Web/client/src/hooks/useBotData.tsx","statementMap":{"0":{"start":{"line":7,"column":16},"end":{"line":7,"column":null}},"1":{"start":{"line":1,"column":36},"end":{"line":1,"column":null}},"2":{"start":{"line":3,"column":44},"end":{"line":3,"column":null}},"3":{"start":{"line":4,"column":29},"end":{"line":4,"column":null}},"4":{"start":{"line":8,"column":26},"end":{"line":8,"column":null}},"5":{"start":{"line":9,"column":40},"end":{"line":9,"column":null}},"6":{"start":{"line":10,"column":34},"end":{"line":10,"column":null}},"7":{"start":{"line":11,"column":34},"end":{"line":11,"column":null}},"8":{"start":{"line":14,"column":2},"end":{"line":29,"column":null}},"9":{"start":{"line":15,"column":32},"end":{"line":26,"column":null}},"10":{"start":{"line":16,"column":6},"end":{"line":25,"column":null}},"11":{"start":{"line":17,"column":24},"end":{"line":17,"column":null}},"12":{"start":{"line":18,"column":8},"end":{"line":18,"column":null}},"13":{"start":{"line":19,"column":8},"end":{"line":19,"column":null}},"14":{"start":{"line":20,"column":8},"end":{"line":20,"column":null}},"15":{"start":{"line":21,"column":8},"end":{"line":21,"column":null}},"16":{"start":{"line":23,"column":8},"end":{"line":23,"column":null}},"17":{"start":{"line":24,"column":8},"end":{"line":24,"column":null}},"18":{"start":{"line":28,"column":4},"end":{"line":28,"column":null}},"19":{"start":{"line":32,"column":2},"end":{"line":47,"column":null}},"20":{"start":{"line":33,"column":4},"end":{"line":33,"column":null}},"21":{"start":{"line":33,"column":17},"end":{"line":33,"column":null}},"22":{"start":{"line":36,"column":28},"end":{"line":39,"column":null}},"23":{"start":{"line":37,"column":6},"end":{"line":37,"column":null}},"24":{"start":{"line":38,"column":6},"end":{"line":38,"column":null}},"25":{"start":{"line":41,"column":4},"end":{"line":41,"column":null}},"26":{"start":{"line":44,"column":4},"end":{"line":46,"column":null}},"27":{"start":{"line":45,"column":6},"end":{"line":45,"column":null}},"28":{"start":{"line":49,"column":25},"end":{"line":59,"column":null}},"29":{"start":{"line":50,"column":4},"end":{"line":58,"column":null}},"30":{"start":{"line":51,"column":22},"end":{"line":51,"column":null}},"31":{"start":{"line":51,"column":40},"end":{"line":51,"column":null}},"32":{"start":{"line":52,"column":6},"end":{"line":52,"column":null}},"33":{"start":{"line":53,"column":6},"end":{"line":53,"column":null}},"34":{"start":{"line":54,"column":6},"end":{"line":54,"column":null}},"35":{"start":{"line":56,"column":6},"end":{"line":56,"column":null}},"36":{"start":{"line":57,"column":6},"end":{"line":57,"column":null}},"37":{"start":{"line":61,"column":2},"end":{"line":61,"column":null}}},"fnMap":{"0":{"name":"useBotData","decl":{"start":{"line":7,"column":16},"end":{"line":7,"column":null}},"loc":{"start":{"line":7,"column":16},"end":{"line":62,"column":null}}},"1":{"name":"(anonymous_2)","decl":{"start":{"line":14,"column":12},"end":{"line":14,"column":null}},"loc":{"start":{"line":14,"column":12},"end":{"line":29,"column":5}}},"2":{"name":"(anonymous_3)","decl":{"start":{"line":15,"column":32},"end":{"line":15,"column":null}},"loc":{"start":{"line":15,"column":32},"end":{"line":26,"column":null}}},"3":{"name":"(anonymous_4)","decl":{"start":{"line":32,"column":12},"end":{"line":32,"column":null}},"loc":{"start":{"line":32,"column":12},"end":{"line":47,"column":5}}},"4":{"name":"(anonymous_5)","decl":{"start":{"line":36,"column":28},"end":{"line":36,"column":29}},"loc":{"start":{"line":36,"column":29},"end":{"line":39,"column":null}}},"5":{"name":"(anonymous_6)","decl":{"start":{"line":44,"column":11},"end":{"line":44,"column":null}},"loc":{"start":{"line":44,"column":11},"end":{"line":46,"column":null}}},"6":{"name":"(anonymous_7)","decl":{"start":{"line":49,"column":25},"end":{"line":49,"column":26}},"loc":{"start":{"line":49,"column":26},"end":{"line":59,"column":null}}},"7":{"name":"(anonymous_8)","decl":{"start":{"line":51,"column":31},"end":{"line":51,"column":32}},"loc":{"start":{"line":51,"column":40},"end":{"line":51,"column":null}}}},"branchMap":{"0":{"loc":{"start":{"line":33,"column":4},"end":{"line":33,"column":null}},"type":"if","locations":[{"start":{"line":33,"column":4},"end":{"line":33,"column":null}}]}},"s":{"0":0,"1":0,"2":0,"3":0,"4":0,"5":0,"6":0,"7":0,"8":0,"9":0,"10":0,"11":0,"12":0,"13":0,"14":0,"15":0,"16":0,"17":0,"18":0,"19":0,"20":0,"21":0,"22":0,"23":0,"24":0,"25":0,"26":0,"27":0,"28":0,"29":0,"30":0,"31":0,"32":0,"33":0,"34":0,"35":0,"36":0,"37":0},"f":{"0":0,"1":0,"2":0,"3":0,"4":0,"5":0,"6":0,"7":0},"b":{"0":[0]}}
,"/home/runner/work/EMBR-Web/EMBR-Web/client/src/hooks/useMissions.tsx": {"path":"/home/runner/work/EMBR-Web/EMBR-Web/client/src/hooks/useMissions.tsx","statementMap":{"0":{"start":{"line":31,"column":16},"end":{"line":31,"column":26}},"1":{"start":{"line":6,"column":16},"end":{"line":6,"column":27}},"2":{"start":{"line":1,"column":36},"end":{"line":1,"column":null}},"3":{"start":{"line":3,"column":48},"end":{"line":3,"column":null}},"4":{"start":{"line":7,"column":38},"end":{"line":7,"column":null}},"5":{"start":{"line":8,"column":40},"end":{"line":8,"column":null}},"6":{"start":{"line":9,"column":36},"end":{"line":9,"column":null}},"7":{"start":{"line":11,"column":2},"end":{"line":26,"column":null}},"8":{"start":{"line":13,"column":25},"end":{"line":23,"column":null}},"9":{"start":{"line":14,"column":6},"end":{"line":22,"column":null}},"10":{"start":{"line":15,"column":25},"end":{"line":15,"column":null}},"11":{"start":{"line":16,"column":8},"end":{"line":16,"column":null}},"12":{"start":{"line":17,"column":8},"end":{"line":17,"column":null}},"13":{"start":{"line":18,"column":8},"end":{"line":18,"column":null}},"14":{"start":{"line":20,"column":8},"end":{"line":20,"column":null}},"15":{"start":{"line":21,"column":8},"end":{"line":21,"column":null}},"16":{"start":{"line":25,"column":4},"end":{"line":25,"column":null}},"17":{"start":{"line":28,"column":2},"end":{"line":28,"column":null}},"18":{"start":{"line":32,"column":36},"end":{"line":32,"column":null}},"19":{"start":{"line":33,"column":39},"end":{"line":33,"column":null}},"20":{"start":{"line":34,"column":35},"end":{"line":34,"column":null}},"21":{"start":{"line":36,"column":2},"end":{"line":51,"column":null}},"22":{"start":{"line":38,"column":24},"end":{"line":48,"column":null}},"23":{"start":{"line":39,"column":6},"end":{"line":47,"column":null}},"24":{"start":{"line":40,"column":24},"end":{"line":40,"column":null}},"25":{"start":{"line":41,"column":8},"end":{"line":41,"column":null}},"26":{"start":{"line":42,"column":8},"end":{"line":42,"column":null}},"27":{"start":{"line":43,"column":8},"end":{"line":43,"column":null}},"28":{"start":{"line":45,"column":8},"end":{"line":45,"column":null}},"29":{"start":{"line":46,"column":8},"end":{"line":46,"column":null}},"30":{"start":{"line":50,"column":4},"end":{"line":50,"column":null}},"31":{"start":{"line":53,"column":2},"end":{"line":53,"column":null}}},"fnMap":{"0":{"name":"useMissions","decl":{"start":{"line":6,"column":16},"end":{"line":6,"column":27}},"loc":{"start":{"line":6,"column":16},"end":{"line":29,"column":null}}},"1":{"name":"(anonymous_4)","decl":{"start":{"line":11,"column":12},"end":{"line":11,"column":null}},"loc":{"start":{"line":11,"column":12},"end":{"line":26,"column":5}}},"2":{"name":"(anonymous_5)","decl":{"start":{"line":13,"column":25},"end":{"line":13,"column":null}},"loc":{"start":{"line":13,"column":25},"end":{"line":23,"column":null}}},"3":{"name":"useMission","decl":{"start":{"line":31,"column":16},"end":{"line":31,"column":26}},"loc":{"start":{"line":31,"column":44},"end":{"line":54,"column":null}}},"4":{"name":"(anonymous_7)","decl":{"start":{"line":36,"column":12},"end":{"line":36,"column":null}},"loc":{"start":{"line":36,"column":12},"end":{"line":51,"column":5}}},"5":{"name":"(anonymous_8)","decl":{"start":{"line":38,"column":24},"end":{"line":38,"column":null}},"loc":{"start":{"line":38,"column":24},"end":{"line":48,"column":null}}}},"branchMap":{},"s":{"0":0,"1":0,"2":0,"3":0,"4":0,"5":0,"6":0,"7":0,"8":0,"9":0,"10":0,"11":0,"12":0,"13":0,"14":0,"15":0,"16":0,"17":0,"18":0,"19":0,"20":0,"21":0,"22":0,"23":0,"24":0,"25":0,"26":0,"27":0,"28":0,"29":0,"30":0,"31":0},"f":{"0":0,"1":0,"2":0,"3":0,"4":0,"5":0},"b":{}}
,"/home/runner/work/EMBR-Web/EMBR-Web/client/src/utils/DateTimeConversion.tsx": {"path":"/home/runner/work/EMBR-Web/EMBR-Web/client/src/utils/DateTimeConversion.tsx","statementMap":{"0":{"start":{"line":8,"column":16},"end":{"line":8,"column":37}},"1":{"start":{"line":3,"column":16},"end":{"line":3,"column":27}},"2":{"start":{"line":13,"column":16},"end":{"line":13,"column":34}},"3":{"start":{"line":4,"column":2},"end":{"line":4,"column":null}},"4":{"start":{"line":9,"column":2},"end":{"line":9,"column":null}},"5":{"start":{"line":14,"column":2},"end":{"line":14,"column":27}},"6":{"start":{"line":14,"column":14},"end":{"line":14,"column":27}},"7":{"start":{"line":15,"column":2},"end":{"line":17,"column":null}},"8":{"start":{"line":16,"column":4},"end":{"line":16,"column":null}},"9":{"start":{"line":18,"column":2},"end":{"line":18,"column":16}}},"fnMap":{"0":{"name":"isISOFormat","decl":{"start":{"line":3,"column":16},"end":{"line":3,"column":27}},"loc":{"start":{"line":3,"column":36},"end":{"line":5,"column":null}}},"1":{"name":"convertISOToTimestamp","decl":{"start":{"line":8,"column":16},"end":{"line":8,"column":37}},"loc":{"start":{"line":8,"column":52},"end":{"line":10,"column":null}}},"2":{"name":"normalizeTimeField","decl":{"start":{"line":13,"column":16},"end":{"line":13,"column":34}},"loc":{"start":{"line":13,"column":45},"end":{"line":19,"column":null}}}},"branchMap":{"0":{"loc":{"start":{"line":4,"column":9},"end":{"line":4,"column":null}},"type":"binary-expr","locations":[{"start":{"line":4,"column":9},"end":{"line":4,"column":36}},{"start":{"line":4,"column":36},"end":{"line":4,"column":57}},{"start":{"line":4,"column":57},"end":{"line":4,"column":null}}]},"1":{"loc":{"start":{"line":14,"column":2},"end":{"line":14,"column":27}},"type":"if","locations":[{"start":{"line":14,"column":2},"end":{"line":14,"column":27}}]},"2":{"loc":{"start":{"line":15,"column":2},"end":{"line":17,"column":null}},"type":"if","locations":[{"start":{"line":15,"column":2},"end":{"line":17,"column":null}}]}},"s":{"0":6,"1":14,"2":11,"3":21,"4":9,"5":11,"6":4,"7":7,"8":3,"9":4},"f":{"0":21,"1":9,"2":11},"b":{"0":[21,16,7],"1":[4],"2":[3]}}
,"/home/runner/work/EMBR-Web/EMBR-Web/client/src/utils/calculateArea.ts": {"path":"/home/runner/work/EMBR-Web/EMBR-Web/client/src/utils/calculateArea.ts","statementMap":{"0":{"start":{"line":8,"column":16},"end":{"line":8,"column":38}},"1":{"start":{"line":36,"column":16},"end":{"line":36,"column":26}},"2":{"start":{"line":9,"column":39},"end":{"line":9,"column":null}},"3":{"start":{"line":12,"column":23},"end":{"line":12,"column":null}},"4":{"start":{"line":15,"column":16},"end":{"line":15,"column":null}},"5":{"start":{"line":15,"column":33},"end":{"line":15,"column":null}},"6":{"start":{"line":18,"column":20},"end":{"line":18,"column":null}},"7":{"start":{"line":19,"column":17},"end":{"line":19,"column":null}},"8":{"start":{"line":20,"column":18},"end":{"line":20,"column":null}},"9":{"start":{"line":21,"column":16},"end":{"line":21,"column":null}},"10":{"start":{"line":24,"column":18},"end":{"line":24,"column":null}},"11":{"start":{"line":25,"column":17},"end":{"line":25,"column":null}},"12":{"start":{"line":28,"column":2},"end":{"line":28,"column":null}},"13":{"start":{"line":37,"column":2},"end":{"line":47,"column":null}},"14":{"start":{"line":39,"column":19},"end":{"line":39,"column":null}},"15":{"start":{"line":40,"column":4},"end":{"line":40,"column":null}},"16":{"start":{"line":41,"column":9},"end":{"line":47,"column":null}},"17":{"start":{"line":43,"column":4},"end":{"line":43,"column":null}},"18":{"start":{"line":46,"column":4},"end":{"line":46,"column":null}}},"fnMap":{"0":{"name":"calculateRectangleArea","decl":{"start":{"line":8,"column":16},"end":{"line":8,"column":38}},"loc":{"start":{"line":8,"column":78},"end":{"line":29,"column":null}}},"1":{"name":"(anonymous_4)","decl":{"start":{"line":15,"column":16},"end":{"line":15,"column":17}},"loc":{"start":{"line":15,"column":33},"end":{"line":15,"column":null}}},"2":{"name":"formatArea","decl":{"start":{"line":36,"column":16},"end":{"line":36,"column":26}},"loc":{"start":{"line":36,"column":42},"end":{"line":48,"column":null}}}},"branchMap":{"0":{"loc":{"start":{"line":37,"column":2},"end":{"line":47,"column":null}},"type":"if","locations":[{"start":{"line":37,"column":2},"end":{"line":47,"column":null}},{"start":{"line":41,"column":9},"end":{"line":47,"column":null}}]},"1":{"loc":{"start":{"line":41,"column":9},"end":{"line":47,"column":null}},"type":"if","locations":[{"start":{"line":41,"column":9},"end":{"line":47,"column":null}},{"start":{"line":44,"column":9},"end":{"line":47,"column":null}}]}},"s":{"0":5,"1":14,"2":5,"3":5,"4":5,"5":15,"6":5,"7":5,"8":5,"9":5,"10":5,"11":5,"12":5,"13":14,"14":4,"15":4,"16":10,"17":5,"18":5},"f":{"0":5,"1":15,"2":14},"b":{"0":[4,10],"1":[5,5]}}
,"/home/runner/work/EMBR-Web/EMBR-Web/client/src/utils/convertMinutes.tsx": {"path":"/home/runner/work/EMBR-Web/EMBR-Web/client/src/utils/convertMinutes.tsx","statementMap":{"0":{"start":{"line":1,"column":16},"end":{"line":1,"column":31}},"1":{"start":{"line":2,"column":15},"end":{"line":2,"column":39}},"2":{"start":{"line":3,"column":16},"end":{"line":3,"column":null}},"3":{"start":{"line":4,"column":18},"end":{"line":4,"column":null}},"4":{"start":{"line":6,"column":2},"end":{"line":12,"column":null}},"5":{"start":{"line":7,"column":4},"end":{"line":7,"column":null}},"6":{"start":{"line":8,"column":9},"end":{"line":12,"column":null}},"7":{"start":{"line":9,"column":4},"end":{"line":9,"column":null}},"8":{"start":{"line":11,"column":4},"end":{"line":11,"column":null}}},"fnMap":{"0":{"name":"convertMinutes","decl":{"start":{"line":1,"column":16},"end":{"line":1,"column":31}},"loc":{"start":{"line":1,"column":42},"end":{"line":13,"column":null}}}},"branchMap":{"0":{"loc":{"start":{"line":6,"column":2},"end":{"line":12,"column":null}},"type":"if","locations":[{"start":{"line":6,"column":2},"end":{"line":12,"column":null}},{"start":{"line":8,"column":9},"end":{"line":12,"column":null}}]},"1":{"loc":{"start":{"line":8,"column":9},"end":{"line":12,"column":null}},"type":"if","locations":[{"start":{"line":8,"column":9},"end":{"line":12,"column":null}},{"start":{"line":10,"column":9},"end":{"line":12,"column":null}}]}},"s":{"0":22,"1":22,"2":22,"3":22,"4":22,"5":10,"6":12,"7":8,"8":4},"f":{"0":22},"b":{"0":[10,12],"1":[8,4]}}
}
