TN:
SF:src/api/bots.api.ts
FN:23,(anonymous_4)
FN:25,(anonymous_5)
FN:32,(anonymous_6)
FN:62,(anonymous_7)
FNF:4
FNH:0
FNDA:0,(anonymous_4)
FNDA:0,(anonymous_5)
FNDA:0,(anonymous_6)
FNDA:0,(anonymous_7)
DA:1,0
DA:5,0
DA:23,0
DA:25,0
DA:26,0
DA:27,0
DA:28,0
DA:29,0
DA:32,0
DA:33,0
DA:37,0
DA:38,0
DA:39,0
DA:41,0
DA:62,0
DA:63,0
DA:64,0
DA:65,0
DA:66,0
DA:67,0
DA:69,0
DA:70,0
LF:22
LH:0
BRDA:5,0,0,0
BRDA:5,0,1,0
BRDA:23,1,0,0
BRDA:23,1,1,0
BRDA:26,2,0,0
BRDA:27,3,0,0
BRDA:28,4,0,0
BRDA:37,5,0,0
BRDA:37,5,1,0
BRDA:38,6,0,0
BRDA:38,6,1,0
BRDA:44,7,0,0
BRDA:44,7,1,0
BRDA:52,8,0,0
BRDA:52,8,1,0
BRDA:66,9,0,0
BRDA:70,10,0,0
BRDA:70,10,1,0
BRF:18
BRH:0
end_of_record
TN:
SF:src/api/missions.api.ts
FN:22,(anonymous_10)
FN:34,(anonymous_11)
FN:60,(anonymous_12)
FN:77,(anonymous_13)
FN:82,(anonymous_14)
FN:87,(anonymous_15)
FN:95,(anonymous_16)
FN:121,(anonymous_17)
FN:132,(anonymous_18)
FN:143,(anonymous_19)
FN:148,(anonymous_20)
FNF:11
FNH:0
FNDA:0,(anonymous_10)
FNDA:0,(anonymous_11)
FNDA:0,(anonymous_12)
FNDA:0,(anonymous_13)
FNDA:0,(anonymous_14)
FNDA:0,(anonymous_15)
FNDA:0,(anonymous_16)
FNDA:0,(anonymous_17)
FNDA:0,(anonymous_18)
FNDA:0,(anonymous_19)
FNDA:0,(anonymous_20)
DA:1,0
DA:5,0
DA:22,0
DA:23,0
DA:24,0
DA:25,0
DA:26,0
DA:28,0
DA:31,0
DA:34,0
DA:35,0
DA:36,0
DA:43,0
DA:45,0
DA:60,0
DA:77,0
DA:78,0
DA:79,0
DA:82,0
DA:83,0
DA:84,0
DA:87,0
DA:88,0
DA:89,0
DA:92,0
DA:95,0
DA:96,0
DA:98,0
DA:99,0
DA:100,0
DA:101,0
DA:102,0
DA:103,0
DA:104,0
DA:105,0
DA:106,0
DA:107,0
DA:115,0
DA:118,0
DA:121,0
DA:122,0
DA:129,0
DA:132,0
DA:133,0
DA:140,0
DA:143,0
DA:144,0
DA:145,0
DA:148,0
DA:149,0
DA:154,0
LF:51
LH:0
BRDA:5,0,0,0
BRDA:5,0,1,0
BRDA:23,1,0,0
BRDA:24,2,0,0
BRDA:36,3,0,0
BRDA:36,3,1,0
BRDA:43,4,0,0
BRDA:43,4,1,0
BRDA:60,5,0,0
BRDA:62,6,0,0
BRDA:62,6,1,0
BRDA:74,7,0,0
BRDA:74,7,1,0
BRDA:74,8,0,0
BRDA:74,8,1,0
BRDA:87,9,0,0
BRDA:98,10,0,0
BRDA:99,11,0,0
BRDA:100,12,0,0
BRDA:101,13,0,0
BRDA:102,14,0,0
BRDA:103,15,0,0
BRDA:104,16,0,0
BRDA:105,17,0,0
BRDA:106,18,0,0
BRF:25
BRH:0
end_of_record
TN:
SF:src/api/temperature.api.ts
FN:5,(anonymous_7)
FN:15,(anonymous_8)
FN:25,(anonymous_9)
FN:36,(anonymous_10)
FN:46,(anonymous_11)
FNF:5
FNH:0
FNDA:0,(anonymous_7)
FNDA:0,(anonymous_8)
FNDA:0,(anonymous_9)
FNDA:0,(anonymous_10)
FNDA:0,(anonymous_11)
DA:1,0
DA:3,0
DA:5,0
DA:6,0
DA:7,0
DA:15,0
DA:16,0
DA:17,0
DA:25,0
DA:26,0
DA:27,0
DA:36,0
DA:37,0
DA:38,0
DA:46,0
DA:47,0
DA:48,0
LF:17
LH:0
BRDA:3,0,0,0
BRDA:3,0,1,0
BRF:2
BRH:0
end_of_record
TN:
SF:src/app/layout.tsx
FN:15,RootLayout
FNF:1
FNH:0
FNDA:0,RootLayout
DA:4,0
DA:5,0
DA:6,0
DA:10,0
DA:15,0
LF:5
LH:0
BRF:0
BRH:0
end_of_record
TN:
SF:src/app/page.tsx
FN:3,Home
FNF:1
FNH:0
FNDA:0,Home
DA:1,0
DA:3,0
DA:4,0
LF:3
LH:0
BRF:0
BRH:0
end_of_record
TN:
SF:src/app/bots/page.tsx
FN:9,Bots
FN:15,(anonymous_3)
FN:16,(anonymous_4)
FN:69,(anonymous_5)
FN:74,(anonymous_6)
FNF:5
FNH:0
FNDA:0,Bots
FNDA:0,(anonymous_3)
FNDA:0,(anonymous_4)
FNDA:0,(anonymous_5)
FNDA:0,(anonymous_6)
DA:3,0
DA:5,0
DA:6,0
DA:7,0
DA:9,0
DA:10,0
DA:11,0
DA:12,0
DA:14,0
DA:15,0
DA:16,0
DA:18,0
DA:70,0
DA:75,0
LF:14
LH:0
BRDA:18,0,0,0
BRDA:18,1,0,0
BRDA:18,1,1,0
BRDA:64,2,0,0
BRDA:66,3,0,0
BRF:5
BRH:0
end_of_record
TN:
SF:src/app/bots/[id]/page.tsx
FN:12,BotDetail
FN:17,(anonymous_3)
FN:18,(anonymous_4)
FN:18,(anonymous_5)
FN:20,(anonymous_6)
FN:20,(anonymous_7)
FNF:6
FNH:0
FNDA:0,BotDetail
FNDA:0,(anonymous_3)
FNDA:0,(anonymous_4)
FNDA:0,(anonymous_5)
FNDA:0,(anonymous_6)
FNDA:0,(anonymous_7)
DA:3,0
DA:4,0
DA:6,0
DA:7,0
DA:8,0
DA:12,0
DA:13,0
DA:14,0
DA:15,0
DA:17,0
DA:18,0
DA:19,0
DA:20,0
DA:24,0
DA:34,0
LF:15
LH:0
BRDA:24,0,0,0
BRDA:24,1,0,0
BRDA:24,1,1,0
BRDA:34,2,0,0
BRDA:53,3,0,0
BRDA:53,3,1,0
BRDA:80,4,0,0
BRDA:124,5,0,0
BRF:8
BRH:0
end_of_record
TN:
SF:src/app/dashboard/page.tsx
FN:10,Dashboard
FN:32,(anonymous_3)
FN:35,(anonymous_4)
FN:38,(anonymous_5)
FN:40,(anonymous_6)
FNF:5
FNH:0
FNDA:0,Dashboard
FNDA:0,(anonymous_3)
FNDA:0,(anonymous_4)
FNDA:0,(anonymous_5)
FNDA:0,(anonymous_6)
DA:3,0
DA:4,0
DA:6,0
DA:7,0
DA:8,0
DA:10,0
DA:11,0
DA:12,0
DA:13,0
DA:14,0
DA:16,0
DA:33,0
DA:36,0
DA:38,0
DA:40,0
LF:15
LH:0
BRDA:16,0,0,0
BRDA:16,1,0,0
BRDA:16,1,1,0
BRF:3
BRH:0
end_of_record
TN:
SF:src/app/hotspots/page.tsx
FN:9,Hotspots
FN:16,(anonymous_3)
FN:17,(anonymous_4)
FN:56,(anonymous_5)
FN:66,(anonymous_6)
FN:117,(anonymous_7)
FNF:6
FNH:0
FNDA:0,Hotspots
FNDA:0,(anonymous_3)
FNDA:0,(anonymous_4)
FNDA:0,(anonymous_5)
FNDA:0,(anonymous_6)
FNDA:0,(anonymous_7)
DA:4,0
DA:5,0
DA:7,0
DA:9,0
DA:10,0
DA:11,0
DA:15,0
DA:17,0
DA:25,0
DA:56,0
DA:66,0
DA:118,0
LF:12
LH:0
BRDA:15,0,0,0
BRDA:15,0,1,0
BRDA:17,1,0,0
BRDA:17,1,1,0
BRDA:58,2,0,0
BRDA:58,2,1,0
BRDA:68,3,0,0
BRDA:68,3,1,0
BRDA:92,4,0,0
BRDA:110,5,0,0
BRDA:110,5,1,0
BRF:11
BRH:0
end_of_record
TN:
SF:src/app/hotspots/[id]/page.tsx
FN:5,HotspotDetail
FNF:1
FNH:0
FNDA:0,HotspotDetail
DA:3,0
DA:5,0
DA:6,0
DA:7,0
LF:4
LH:0
BRF:0
BRH:0
end_of_record
TN:
SF:src/app/missions/page.tsx
FN:15,Missions
FN:19,(anonymous_3)
FN:23,(anonymous_4)
FN:36,(anonymous_5)
FN:48,(anonymous_6)
FN:49,(anonymous_7)
FN:62,(anonymous_8)
FN:70,(anonymous_9)
FN:70,(anonymous_10)
FN:92,(anonymous_11)
FN:102,(anonymous_12)
FN:112,(anonymous_13)
FN:138,(anonymous_14)
FN:143,(anonymous_15)
FN:158,(anonymous_16)
FN:159,(anonymous_17)
FN:209,(anonymous_18)
FNF:17
FNH:0
FNDA:0,Missions
FNDA:0,(anonymous_3)
FNDA:0,(anonymous_4)
FNDA:0,(anonymous_5)
FNDA:0,(anonymous_6)
FNDA:0,(anonymous_7)
FNDA:0,(anonymous_8)
FNDA:0,(anonymous_9)
FNDA:0,(anonymous_10)
FNDA:0,(anonymous_11)
FNDA:0,(anonymous_12)
FNDA:0,(anonymous_13)
FNDA:0,(anonymous_14)
FNDA:0,(anonymous_15)
FNDA:0,(anonymous_16)
FNDA:0,(anonymous_17)
FNDA:0,(anonymous_18)
DA:4,0
DA:5,0
DA:7,0
DA:9,0
DA:10,0
DA:11,0
DA:13,0
DA:15,0
DA:16,0
DA:17,0
DA:18,0
DA:19,0
DA:20,0
DA:23,0
DA:24,0
DA:25,0
DA:26,0
DA:27,0
DA:29,0
DA:31,0
DA:33,0
DA:36,0
DA:38,0
DA:40,0
DA:41,0
DA:42,0
DA:43,0
DA:46,0
DA:47,0
DA:48,0
DA:49,0
DA:50,0
DA:55,0
DA:58,0
DA:59,0
DA:62,0
DA:63,0
DA:64,0
DA:66,0
DA:67,0
DA:68,0
DA:70,0
DA:72,0
DA:92,0
DA:102,0
DA:112,0
DA:139,0
DA:144,0
DA:159,0
DA:160,0
DA:209,0
LF:51
LH:0
BRDA:23,0,0,0
BRDA:23,0,1,0
BRDA:24,1,0,0
BRDA:26,2,0,0
BRDA:26,2,1,0
BRDA:40,3,0,0
BRDA:40,3,1,0
BRDA:42,4,0,0
BRDA:46,5,0,0
BRDA:50,6,0,0
BRDA:50,6,1,0
BRDA:58,7,0,0
BRDA:58,7,1,0
BRDA:64,8,0,0
BRDA:70,9,0,0
BRDA:70,9,1,0
BRDA:72,10,0,0
BRDA:72,10,1,0
BRDA:94,11,0,0
BRDA:94,11,1,0
BRDA:104,12,0,0
BRDA:104,12,1,0
BRDA:114,13,0,0
BRDA:114,13,1,0
BRDA:129,14,0,0
BRDA:131,15,0,0
BRDA:130,16,0,0
BRDA:130,16,1,0
BRDA:139,17,0,0
BRDA:139,17,1,0
BRDA:139,17,2,0
BRDA:139,17,3,0
BRDA:139,17,4,0
BRDA:156,18,0,0
BRDA:156,18,1,0
BRDA:156,19,0,0
BRDA:156,19,1,0
BRDA:160,20,0,0
BRDA:160,20,1,0
BRDA:176,21,0,0
BRDA:176,21,1,0
BRF:41
BRH:0
end_of_record
TN:
SF:src/app/missions/[id]/page.tsx
FN:14,MissionDetail
FN:23,(anonymous_3)
FN:25,(anonymous_4)
FN:44,(anonymous_5)
FN:45,(anonymous_6)
FN:57,(anonymous_7)
FN:120,(anonymous_8)
FNF:7
FNH:0
FNDA:0,MissionDetail
FNDA:0,(anonymous_3)
FNDA:0,(anonymous_4)
FNDA:0,(anonymous_5)
FNDA:0,(anonymous_6)
FNDA:0,(anonymous_7)
FNDA:0,(anonymous_8)
DA:3,0
DA:4,0
DA:5,0
DA:7,0
DA:8,0
DA:9,0
DA:10,0
DA:11,0
DA:14,0
DA:15,0
DA:16,0
DA:17,0
DA:19,0
DA:20,0
DA:22,0
DA:23,0
DA:25,0
DA:26,0
DA:28,0
DA:29,0
DA:30,0
DA:31,0
DA:34,0
DA:36,0
DA:37,0
DA:38,0
DA:39,0
DA:42,0
DA:43,0
DA:44,0
DA:45,0
DA:46,0
DA:50,0
DA:53,0
DA:54,0
DA:57,0
DA:58,0
DA:59,0
DA:61,0
DA:62,0
DA:63,0
DA:64,0
DA:66,0
DA:120,0
LF:44
LH:0
BRDA:28,0,0,0
BRDA:28,0,1,0
BRDA:30,1,0,0
BRDA:36,2,0,0
BRDA:36,2,1,0
BRDA:38,3,0,0
BRDA:42,4,0,0
BRDA:46,5,0,0
BRDA:46,5,1,0
BRDA:53,6,0,0
BRDA:53,6,1,0
BRDA:54,7,0,0
BRDA:54,7,1,0
BRDA:59,8,0,0
BRDA:66,9,0,0
BRDA:66,9,1,0
BRDA:77,10,0,0
BRDA:77,10,1,0
BRDA:78,11,0,0
BRDA:78,11,1,0
BRDA:86,12,0,0
BRDA:86,12,1,0
BRDA:95,13,0,0
BRDA:94,14,0,0
BRDA:94,14,1,0
BRDA:107,15,0,0
BRDA:107,15,1,0
BRDA:117,16,0,0
BRF:28
BRH:0
end_of_record
TN:
SF:src/app/missions/create/page.tsx
FN:13,CreateMissionPage
FN:33,(anonymous_6)
FN:40,(anonymous_7)
FN:41,(anonymous_8)
FN:42,(anonymous_9)
FN:46,(anonymous_10)
FN:82,(anonymous_11)
FN:87,(anonymous_12)
FN:89,(anonymous_13)
FN:110,(anonymous_14)
FN:123,(anonymous_15)
FN:143,(anonymous_16)
FN:151,(anonymous_17)
FN:194,(anonymous_18)
FN:221,(anonymous_19)
FN:232,(anonymous_20)
FN:250,(anonymous_21)
FN:261,(anonymous_22)
FN:274,(anonymous_23)
FN:305,(anonymous_24)
FN:309,(anonymous_25)
FNF:21
FNH:0
FNDA:0,CreateMissionPage
FNDA:0,(anonymous_6)
FNDA:0,(anonymous_7)
FNDA:0,(anonymous_8)
FNDA:0,(anonymous_9)
FNDA:0,(anonymous_10)
FNDA:0,(anonymous_11)
FNDA:0,(anonymous_12)
FNDA:0,(anonymous_13)
FNDA:0,(anonymous_14)
FNDA:0,(anonymous_15)
FNDA:0,(anonymous_16)
FNDA:0,(anonymous_17)
FNDA:0,(anonymous_18)
FNDA:0,(anonymous_19)
FNDA:0,(anonymous_20)
FNDA:0,(anonymous_21)
FNDA:0,(anonymous_22)
FNDA:0,(anonymous_23)
FNDA:0,(anonymous_24)
FNDA:0,(anonymous_25)
DA:3,0
DA:4,0
DA:6,0
DA:7,0
DA:8,0
DA:9,0
DA:13,0
DA:14,0
DA:17,0
DA:18,0
DA:19,0
DA:21,0
DA:22,0
DA:23,0
DA:26,0
DA:27,0
DA:30,0
DA:31,0
DA:33,0
DA:35,0
DA:36,0
DA:37,0
DA:40,0
DA:41,0
DA:42,0
DA:46,0
DA:47,0
DA:49,0
DA:50,0
DA:51,0
DA:54,0
DA:55,0
DA:56,0
DA:59,0
DA:61,0
DA:62,0
DA:73,0
DA:74,0
DA:76,0
DA:77,0
DA:78,0
DA:82,0
DA:83,0
DA:84,0
DA:86,0
DA:87,0
DA:89,0
DA:110,0
DA:123,0
DA:144,0
DA:151,0
DA:194,0
DA:221,0
DA:232,0
DA:250,0
DA:261,0
DA:274,0
DA:306,0
DA:307,0
DA:309,0
LF:60
LH:0
BRDA:42,0,0,0
BRDA:42,0,1,0
BRDA:49,1,0,0
BRDA:54,2,0,0
BRDA:54,3,0,0
BRDA:54,3,1,0
BRDA:70,4,0,0
BRDA:70,4,1,0
BRDA:84,5,0,0
BRDA:86,6,0,0
BRDA:86,6,1,0
BRDA:87,7,0,0
BRDA:87,7,1,0
BRDA:89,8,0,0
BRDA:89,8,1,0
BRDA:132,9,0,0
BRDA:132,9,1,0
BRDA:136,10,0,0
BRDA:138,11,0,0
BRDA:159,12,0,0
BRDA:159,12,1,0
BRDA:161,13,0,0
BRDA:161,13,1,0
BRDA:166,14,0,0
BRDA:166,14,1,0
BRDA:175,15,0,0
BRDA:175,15,1,0
BRDA:198,16,0,0
BRDA:198,16,1,0
BRDA:200,17,0,0
BRDA:220,18,0,0
BRDA:220,18,1,0
BRDA:231,19,0,0
BRDA:231,19,1,0
BRDA:249,20,0,0
BRDA:249,20,1,0
BRDA:260,21,0,0
BRDA:260,21,1,0
BRDA:283,22,0,0
BRDA:283,22,1,0
BRDA:283,22,2,0
BRDA:283,22,3,0
BRDA:285,23,0,0
BRDA:285,23,1,0
BRDA:287,24,0,0
BRDA:287,24,1,0
BRDA:287,25,0,0
BRDA:287,25,1,0
BRDA:292,26,0,0
BRDA:292,26,1,0
BRDA:302,27,0,0
BRDA:302,27,1,0
BRDA:304,28,0,0
BRDA:304,28,1,0
BRDA:304,29,0,0
BRDA:304,29,1,0
BRF:56
BRH:0
end_of_record
TN:
SF:src/app/reports/page.tsx
FN:5,Reports
FNF:1
FNH:0
FNDA:0,Reports
DA:5,0
LF:1
LH:0
BRF:0
BRH:0
end_of_record
TN:
SF:src/app/settings/page.tsx
FN:5,Settings
FNF:1
FNH:0
FNDA:0,Settings
DA:5,0
LF:1
LH:0
BRF:0
BRH:0
end_of_record
TN:
SF:src/app/team/page.tsx
FN:5,Team
FNF:1
FNH:0
FNDA:0,Team
DA:5,0
LF:1
LH:0
BRF:0
BRH:0
end_of_record
TN:
SF:src/assets/icons.tsx
FNF:0
FNH:0
DA:1,0
LF:1
LH:0
BRF:0
BRH:0
end_of_record
TN:
SF:src/components/index.ts
FNF:0
FNH:0
DA:2,0
DA:3,0
DA:4,0
DA:5,0
DA:6,0
LF:5
LH:0
BRF:0
BRH:0
end_of_record
TN:
SF:src/components/features/bot/BotInfoPanel.tsx
FN:8,BotInfoPanel
FN:34,(anonymous_3)
FN:75,(anonymous_4)
FN:90,(anonymous_5)
FN:105,(anonymous_6)
FNF:5
FNH:0
FNDA:0,BotInfoPanel
FNDA:0,(anonymous_3)
FNDA:0,(anonymous_4)
FNDA:0,(anonymous_5)
FNDA:0,(anonymous_6)
DA:3,0
DA:5,0
DA:9,0
DA:13,0
DA:20,0
DA:27,0
DA:34,0
DA:35,0
DA:37,0
DA:49,0
DA:59,0
DA:75,0
DA:90,0
DA:105,0
DA:132,0
LF:15
LH:0
BRDA:35,0,0,0
BRDA:40,1,0,0
BRDA:40,1,1,0
BRDA:44,2,0,0
BRDA:44,2,1,0
BRDA:55,3,0,0
BRDA:55,3,1,0
BRDA:60,4,0,0
BRDA:60,4,1,0
BRDA:61,5,0,0
BRDA:61,5,1,0
BRDA:65,6,0,0
BRDA:65,6,1,0
BRDA:77,7,0,0
BRDA:77,7,1,0
BRDA:78,8,0,0
BRDA:78,8,1,0
BRDA:82,9,0,0
BRDA:82,9,1,0
BRDA:92,10,0,0
BRDA:92,10,1,0
BRDA:93,11,0,0
BRDA:93,11,1,0
BRDA:97,12,0,0
BRDA:97,12,1,0
BRDA:107,13,0,0
BRDA:107,13,1,0
BRDA:108,14,0,0
BRDA:108,14,1,0
BRDA:112,15,0,0
BRDA:112,15,1,0
BRDA:123,16,0,0
BRDA:125,17,0,0
BRDA:127,18,0,0
BRF:34
BRH:0
end_of_record
TN:
SF:src/components/features/bot/BotOverviewCard.tsx
FN:12,BotOverviewCard
FNF:1
FNH:0
FNDA:0,BotOverviewCard
DA:1,0
DA:3,0
DA:12,0
LF:3
LH:0
BRDA:39,0,0,0
BRDA:46,1,0,0
BRDA:46,1,1,0
BRDA:48,2,0,0
BRDA:48,2,1,0
BRF:5
BRH:0
end_of_record
TN:
SF:src/components/features/bot/DrawBot.tsx
FN:5,DrawBot
FNF:1
FNH:0
FNDA:0,DrawBot
DA:1,0
DA:5,0
LF:2
LH:0
BRF:0
BRH:0
end_of_record
TN:
SF:src/components/features/bot/index.ts
FNF:0
FNH:0
DA:2,0
DA:3,0
LF:2
LH:0
BRF:0
BRH:0
end_of_record
TN:
SF:src/components/features/dashboard/DashboardSidebar.tsx
FN:20,DashboardSidebar
FN:33,(anonymous_6)
FN:35,(anonymous_7)
FN:36,(anonymous_8)
FN:37,(anonymous_9)
FN:40,(anonymous_10)
FN:66,(anonymous_11)
FN:77,(anonymous_12)
FN:88,(anonymous_13)
FN:103,(anonymous_14)
FN:113,(anonymous_15)
FN:123,(anonymous_16)
FN:180,(anonymous_17)
FN:181,(anonymous_18)
FN:195,(anonymous_19)
FN:199,(anonymous_20)
FNF:16
FNH:0
FNDA:0,DashboardSidebar
FNDA:0,(anonymous_6)
FNDA:0,(anonymous_7)
FNDA:0,(anonymous_8)
FNDA:0,(anonymous_9)
FNDA:0,(anonymous_10)
FNDA:0,(anonymous_11)
FNDA:0,(anonymous_12)
FNDA:0,(anonymous_13)
FNDA:0,(anonymous_14)
FNDA:0,(anonymous_15)
FNDA:0,(anonymous_16)
FNDA:0,(anonymous_17)
FNDA:0,(anonymous_18)
FNDA:0,(anonymous_19)
FNDA:0,(anonymous_20)
DA:1,0
DA:3,0
DA:7,0
DA:8,0
DA:20,0
DA:29,0
DA:33,0
DA:34,0
DA:35,0
DA:36,0
DA:37,0
DA:38,0
DA:40,0
DA:41,0
DA:66,0
DA:77,0
DA:88,0
DA:103,0
DA:113,0
DA:123,0
DA:181,0
DA:196,0
DA:199,0
LF:23
LH:0
BRDA:33,0,0,0
BRDA:33,0,1,0
BRDA:33,1,0,0
BRDA:33,1,1,0
BRDA:34,2,0,0
BRDA:34,2,1,0
BRDA:35,3,0,0
BRDA:35,3,1,0
BRDA:40,4,0,0
BRDA:40,4,1,0
BRDA:41,5,0,0
BRDA:41,5,1,0
BRDA:47,6,0,0
BRDA:47,6,1,0
BRDA:52,7,0,0
BRDA:56,8,0,0
BRDA:56,8,1,0
BRDA:58,9,0,0
BRDA:58,9,1,0
BRDA:64,10,0,0
BRDA:68,11,0,0
BRDA:68,11,1,0
BRDA:79,12,0,0
BRDA:79,12,1,0
BRDA:90,13,0,0
BRDA:90,13,1,0
BRDA:105,14,0,0
BRDA:105,14,1,0
BRDA:115,15,0,0
BRDA:115,15,1,0
BRDA:125,16,0,0
BRDA:125,16,1,0
BRDA:137,17,0,0
BRDA:140,18,0,0
BRDA:173,19,0,0
BRDA:175,20,0,0
BRDA:175,20,1,0
BRDA:188,21,0,0
BRDA:190,22,0,0
BRDA:190,22,1,0
BRDA:190,23,0,0
BRDA:190,23,1,0
BRF:42
BRH:0
end_of_record
TN:
SF:src/components/features/dashboard/StatusCard.tsx
FN:26,StatusCard
FNF:1
FNH:0
FNDA:0,StatusCard
DA:1,0
DA:12,0
DA:20,0
DA:26,0
LF:4
LH:0
BRDA:31,0,0,0
BRDA:41,1,0,0
BRDA:41,1,1,0
BRDA:44,2,0,0
BRDA:46,3,0,0
BRDA:50,4,0,0
BRDA:50,4,1,0
BRDA:50,5,0,0
BRDA:50,5,1,0
BRF:9
BRH:0
end_of_record
TN:
SF:src/components/features/dashboard/index.ts
FNF:0
FNH:0
DA:1,0
DA:2,0
DA:3,0
LF:3
LH:0
BRF:0
BRH:0
end_of_record
TN:
SF:src/components/features/map/GoogleMap.tsx
FN:34,(anonymous_5)
FN:59,callback
FN:65,callback
FN:70,(anonymous_8)
FN:73,(anonymous_9)
FN:87,(anonymous_10)
FN:93,(anonymous_11)
FN:111,(anonymous_12)
FN:121,(anonymous_13)
FN:132,(anonymous_14)
FN:149,(anonymous_15)
FN:155,(anonymous_16)
FN:161,(anonymous_17)
FN:196,(anonymous_18)
FNF:14
FNH:0
FNDA:0,(anonymous_5)
FNDA:0,callback
FNDA:0,callback
FNDA:0,(anonymous_8)
FNDA:0,(anonymous_9)
FNDA:0,(anonymous_10)
FNDA:0,(anonymous_11)
FNDA:0,(anonymous_12)
FNDA:0,(anonymous_13)
FNDA:0,(anonymous_14)
FNDA:0,(anonymous_15)
FNDA:0,(anonymous_16)
FNDA:0,(anonymous_17)
FNDA:0,(anonymous_18)
DA:3,0
DA:4,0
DA:5,0
DA:17,0
DA:18,0
DA:34,0
DA:44,0
DA:45,0
DA:46,0
DA:47,0
DA:49,0
DA:55,0
DA:59,0
DA:60,0
DA:61,0
DA:65,0
DA:66,0
DA:70,0
DA:71,0
DA:73,0
DA:74,0
DA:76,0
DA:77,0
DA:78,0
DA:80,0
DA:87,0
DA:88,0
DA:93,0
DA:94,0
DA:97,0
DA:98,0
DA:99,0
DA:100,0
DA:101,0
DA:104,0
DA:106,0
DA:108,0
DA:111,0
DA:112,0
DA:115,0
DA:116,0
DA:121,0
DA:122,0
DA:123,0
DA:124,0
DA:125,0
DA:132,0
DA:133,0
DA:135,0
DA:136,0
DA:138,0
DA:140,0
DA:143,0
DA:145,0
DA:149,0
DA:150,0
DA:151,0
DA:155,0
DA:156,0
DA:157,0
DA:161,0
DA:162,0
DA:163,0
DA:168,0
DA:172,0
DA:196,0
DA:228,0
LF:67
LH:0
BRDA:37,0,0,0
BRDA:41,1,0,0
BRDA:55,2,0,0
BRDA:55,2,1,0
BRDA:60,3,0,0
BRDA:71,4,0,0
BRDA:71,5,0,0
BRDA:71,5,1,0
BRDA:74,6,0,0
BRDA:74,7,0,0
BRDA:74,7,1,0
BRDA:74,7,2,0
BRDA:94,8,0,0
BRDA:94,9,0,0
BRDA:94,9,1,0
BRDA:97,10,0,0
BRDA:106,11,0,0
BRDA:106,11,1,0
BRDA:122,12,0,0
BRDA:122,13,0,0
BRDA:122,13,1,0
BRDA:133,14,0,0
BRDA:133,15,0,0
BRDA:133,15,1,0
BRDA:135,16,0,0
BRDA:135,16,1,0
BRDA:136,17,0,0
BRDA:136,17,1,0
BRDA:138,18,0,0
BRDA:138,19,0,0
BRDA:138,19,1,0
BRDA:150,20,0,0
BRDA:150,21,0,0
BRDA:150,21,1,0
BRDA:150,21,2,0
BRDA:156,22,0,0
BRDA:156,23,0,0
BRDA:156,23,1,0
BRDA:156,23,2,0
BRDA:162,24,0,0
BRDA:163,25,0,0
BRDA:163,25,1,0
BRDA:168,26,0,0
BRDA:172,27,0,0
BRDA:187,28,0,0
BRDA:187,28,1,0
BRDA:198,29,0,0
BRDA:198,29,1,0
BRDA:201,30,0,0
BRDA:215,31,0,0
BRDA:218,32,0,0
BRDA:218,32,1,0
BRF:52
BRH:0
end_of_record
TN:
SF:src/components/features/map/index.ts
FNF:0
FNH:0
DA:2,0
LF:1
LH:0
BRF:0
BRH:0
end_of_record
TN:
SF:src/components/features/map/MapTools/MapDrawUtils.tsx
FN:11,(anonymous_4)
FN:14,(anonymous_5)
FN:17,(anonymous_6)
FN:20,(anonymous_7)
FN:23,(anonymous_8)
FN:46,(anonymous_9)
FN:89,(anonymous_10)
FN:90,(anonymous_11)
FN:97,(anonymous_12)
FN:98,(anonymous_13)
FNF:10
FNH:0
FNDA:0,(anonymous_4)
FNDA:0,(anonymous_5)
FNDA:0,(anonymous_6)
FNDA:0,(anonymous_7)
FNDA:0,(anonymous_8)
FNDA:0,(anonymous_9)
FNDA:0,(anonymous_10)
FNDA:0,(anonymous_11)
FNDA:0,(anonymous_12)
FNDA:0,(anonymous_13)
DA:3,0
DA:8,0
DA:9,0
DA:12,0
DA:14,0
DA:18,0
DA:20,0
DA:24,0
DA:26,0
DA:32,0
DA:43,0
DA:47,0
DA:51,0
DA:58,0
DA:68,0
DA:74,0
DA:86,0
DA:90,0
DA:91,0
DA:94,0
DA:98,0
DA:99,0
DA:104,0
DA:105,0
DA:106,0
LF:25
LH:0
BRDA:47,0,0,0
BRDA:61,1,0,0
BRDA:61,1,1,0
BRDA:61,2,0,0
BRDA:61,2,1,0
BRDA:64,3,0,0
BRDA:64,3,1,0
BRDA:64,4,0,0
BRDA:64,4,1,0
BRDA:79,5,0,0
BRDA:79,5,1,0
BRF:11
BRH:0
end_of_record
TN:
SF:src/components/features/map/MapTools/index.ts
FNF:0
FNH:0
DA:2,0
DA:3,0
DA:4,0
DA:5,0
DA:6,0
DA:7,0
DA:9,0
DA:10,0
DA:11,0
DA:12,0
DA:13,0
DA:14,0
DA:15,0
DA:16,0
LF:14
LH:0
BRF:0
BRH:0
end_of_record
TN:
SF:src/components/features/map/MapTools/mapConfig.ts
FN:27,(anonymous_6)
FNF:1
FNH:0
FNDA:0,(anonymous_6)
DA:4,0
DA:7,0
DA:10,0
DA:16,0
DA:27,0
LF:5
LH:0
BRDA:35,0,0,0
BRDA:35,0,1,0
BRF:2
BRH:0
end_of_record
TN:
SF:src/components/features/map/MapTools/mapInitializer.ts
FN:9,(anonymous_3)
FN:18,(anonymous_4)
FN:28,(anonymous_5)
FN:43,(anonymous_6)
FNF:4
FNH:0
FNDA:0,(anonymous_3)
FNDA:0,(anonymous_4)
FNDA:0,(anonymous_5)
FNDA:0,(anonymous_6)
DA:4,0
DA:9,0
DA:13,0
DA:14,0
DA:17,0
DA:18,0
DA:19,0
DA:20,0
DA:21,0
DA:27,0
DA:28,0
DA:29,0
DA:30,0
DA:31,0
DA:32,0
DA:37,0
DA:43,0
DA:48,0
DA:49,0
DA:51,0
DA:53,0
DA:56,0
DA:58,0
DA:59,0
DA:62,0
DA:63,0
LF:26
LH:0
BRDA:17,0,0,0
BRDA:17,1,0,0
BRDA:17,1,1,0
BRDA:19,2,0,0
BRDA:27,3,0,0
BRDA:27,4,0,0
BRDA:27,4,1,0
BRDA:29,5,0,0
BRDA:29,6,0,0
BRDA:29,6,1,0
BRDA:48,7,0,0
BRDA:48,7,1,0
BRDA:49,8,0,0
BRDA:49,8,1,0
BRDA:51,9,0,0
BRDA:51,10,0,0
BRDA:51,10,1,0
BRDA:58,11,0,0
BRDA:58,11,1,0
BRF:19
BRH:0
end_of_record
TN:
SF:src/components/features/map/MapTools/rectangleManager.ts
FN:8,(anonymous_5)
FN:22,(anonymous_6)
FN:37,(anonymous_7)
FN:63,(anonymous_8)
FN:78,(anonymous_9)
FNF:5
FNH:0
FNDA:0,(anonymous_5)
FNDA:0,(anonymous_6)
FNDA:0,(anonymous_7)
FNDA:0,(anonymous_8)
FNDA:0,(anonymous_9)
DA:3,0
DA:8,0
DA:13,0
DA:22,0
DA:23,0
DA:24,0
DA:25,0
DA:26,0
DA:27,0
DA:31,0
DA:37,0
DA:41,0
DA:42,0
DA:44,0
DA:45,0
DA:48,0
DA:54,0
DA:55,0
DA:57,0
DA:63,0
DA:67,0
DA:78,0
DA:79,0
DA:80,0
LF:24
LH:0
BRDA:24,0,0,0
BRDA:42,1,0,0
BRDA:48,2,0,0
BRDA:49,3,0,0
BRDA:49,3,1,0
BRDA:49,3,2,0
BRDA:49,3,3,0
BRDA:79,4,0,0
BRF:8
BRH:0
end_of_record
TN:
SF:src/components/features/map/MapTools/search.tsx
FN:6,Search
FNF:1
FNH:0
FNDA:0,Search
DA:1,0
DA:2,0
DA:4,0
DA:24,0
LF:4
LH:0
BRF:0
BRH:0
end_of_record
TN:
SF:src/components/features/mission/MissionPanel.tsx
FN:8,MissionPanel
FN:9,(anonymous_3)
FNF:2
FNH:0
FNDA:0,MissionPanel
FNDA:0,(anonymous_3)
DA:1,0
DA:3,0
DA:5,0
DA:6,0
DA:9,0
DA:10,0
DA:12,0
DA:19,0
DA:27,0
DA:28,0
DA:31,0
DA:32,0
DA:34,0
DA:39,0
DA:44,0
DA:49,0
DA:55,0
DA:57,0
DA:64,0
DA:72,0
DA:132,0
LF:21
LH:0
BRDA:12,0,0,0
BRDA:13,1,0,0
BRDA:13,1,1,0
BRDA:13,1,2,0
BRDA:60,2,0,0
BRDA:60,2,1,0
BRDA:61,3,0,0
BRDA:61,3,1,0
BRDA:72,4,0,0
BRF:9
BRH:0
end_of_record
TN:
SF:src/components/features/mission/MissionStartEnd.tsx
FN:9,handleStartEndMission
FN:31,getMissionStatus
FN:41,startAndEndMissionButton
FN:58,(anonymous_7)
FN:87,(anonymous_8)
FNF:5
FNH:0
FNDA:0,handleStartEndMission
FNDA:0,getMissionStatus
FNDA:0,startAndEndMissionButton
FNDA:0,(anonymous_7)
FNDA:0,(anonymous_8)
DA:1,0
DA:15,0
DA:16,0
DA:19,0
DA:21,0
DA:22,0
DA:25,0
DA:26,0
DA:31,0
DA:35,0
DA:36,0
DA:37,0
DA:41,0
DA:50,0
DA:51,0
DA:55,0
DA:56,0
DA:58,0
DA:61,0
DA:63,0
DA:64,0
DA:65,0
DA:67,0
DA:68,0
DA:71,0
DA:87,0
LF:26
LH:0
BRDA:15,0,0,0
BRDA:21,1,0,0
BRDA:25,2,0,0
BRDA:35,3,0,0
BRDA:36,4,0,0
BRDA:36,5,0,0
BRDA:36,5,1,0
BRDA:46,6,0,0
BRDA:47,7,0,0
BRDA:50,8,0,0
BRDA:55,9,0,0
BRDA:55,9,1,0
BRDA:63,10,0,0
BRDA:64,11,0,0
BRDA:64,12,0,0
BRDA:64,12,1,0
BRDA:67,13,0,0
BRDA:67,14,0,0
BRDA:67,14,1,0
BRDA:71,15,0,0
BRDA:71,15,1,0
BRDA:73,16,0,0
BRDA:73,16,1,0
BRDA:75,17,0,0
BRDA:75,17,1,0
BRDA:84,18,0,0
BRDA:84,18,1,0
BRDA:87,19,0,0
BRDA:87,19,1,0
BRDA:92,20,0,0
BRF:30
BRH:0
end_of_record
TN:
SF:src/components/features/mission/MissionStatusCard.tsx
FN:10,(anonymous_2)
FN:18,(anonymous_3)
FN:26,MissionStatusCard
FNF:3
FNH:0
FNDA:0,(anonymous_2)
FNDA:0,(anonymous_3)
FNDA:0,MissionStatusCard
DA:1,0
DA:10,0
DA:11,0
DA:12,0
DA:13,0
DA:14,0
DA:15,0
DA:18,0
DA:19,0
DA:20,0
DA:21,0
DA:22,0
DA:23,0
DA:26,0
LF:14
LH:0
BRDA:11,0,0,0
BRDA:12,1,0,0
BRDA:13,2,0,0
BRDA:14,3,0,0
BRDA:19,4,0,0
BRDA:20,5,0,0
BRDA:21,6,0,0
BRDA:22,7,0,0
BRDA:60,8,0,0
BRDA:60,8,1,0
BRDA:64,9,0,0
BRDA:64,9,1,0
BRDA:72,10,0,0
BRDA:72,10,1,0
BRDA:74,11,0,0
BRDA:74,11,1,0
BRDA:79,12,0,0
BRDA:79,12,1,0
BRDA:81,13,0,0
BRDA:81,13,1,0
BRF:20
BRH:0
end_of_record
TN:
SF:src/components/features/mission/index.ts
FNF:0
FNH:0
DA:2,0
LF:1
LH:0
BRF:0
BRH:0
end_of_record
TN:
SF:src/components/layout/Navigation.tsx
FN:8,(anonymous_2)
FN:33,(anonymous_3)
FNF:2
FNH:0
FNDA:0,(anonymous_2)
FNDA:0,(anonymous_3)
DA:3,0
DA:4,0
DA:5,0
DA:6,0
DA:8,0
DA:9,0
DA:11,0
DA:34,0
DA:57,0
LF:9
LH:0
BRDA:38,0,0,0
BRDA:38,0,1,0
BRF:2
BRH:0
end_of_record
TN:
SF:src/components/layout/index.ts
FNF:0
FNH:0
DA:2,0
LF:1
LH:0
BRF:0
BRH:0
end_of_record
TN:
SF:src/components/ui/InfoGrid.tsx
FN:10,InfoGrid
FN:14,(anonymous_2)
FNF:2
FNH:0
FNDA:0,InfoGrid
FNDA:0,(anonymous_2)
DA:15,0
DA:48,0
LF:2
LH:0
BRDA:35,0,0,0
BRDA:35,0,1,0
BRDA:35,1,0,0
BRDA:35,1,1,0
BRDA:36,2,0,0
BRDA:36,2,1,0
BRF:6
BRH:0
end_of_record
TN:
SF:src/components/ui/index.ts
FNF:0
FNH:0
DA:2,0
DA:3,0
DA:4,0
LF:3
LH:0
BRF:0
BRH:0
end_of_record
TN:
SF:src/constants/robotConstants.ts
FNF:0
FNH:0
DA:4,0
DA:12,0
DA:19,0
DA:26,0
LF:4
LH:0
BRF:0
BRH:0
end_of_record
TN:
SF:src/context/WebSocketContext.tsx
FN:16,(anonymous_6)
FN:28,(anonymous_7)
FN:32,(anonymous_8)
FN:41,(anonymous_9)
FN:46,(anonymous_10)
FN:51,(anonymous_11)
FN:58,(anonymous_12)
FNF:7
FNH:0
FNDA:0,(anonymous_6)
FNDA:0,(anonymous_7)
FNDA:0,(anonymous_8)
FNDA:0,(anonymous_9)
FNDA:0,(anonymous_10)
FNDA:0,(anonymous_11)
FNDA:0,(anonymous_12)
DA:3,0
DA:4,0
DA:11,0
DA:16,0
DA:17,0
DA:18,0
DA:19,0
DA:21,0
DA:28,0
DA:29,0
DA:30,0
DA:32,0
DA:34,0
DA:41,0
DA:42,0
DA:43,0
DA:46,0
DA:47,0
DA:48,0
DA:51,0
DA:52,0
DA:55,0
DA:58,0
DA:59,0
LF:24
LH:0
BRDA:18,0,0,0
BRF:1
BRH:0
end_of_record
TN:
SF:src/hooks/index.ts
FNF:0
FNH:0
DA:1,0
DA:2,0
LF:2
LH:0
BRF:0
BRH:0
end_of_record
TN:
SF:src/hooks/useBotData.tsx
FN:7,useBotData
FN:14,(anonymous_2)
FN:15,(anonymous_3)
FN:32,(anonymous_4)
FN:36,(anonymous_5)
FN:44,(anonymous_6)
FN:49,(anonymous_7)
FN:51,(anonymous_8)
FNF:8
FNH:0
FNDA:0,useBotData
FNDA:0,(anonymous_2)
FNDA:0,(anonymous_3)
FNDA:0,(anonymous_4)
FNDA:0,(anonymous_5)
FNDA:0,(anonymous_6)
FNDA:0,(anonymous_7)
FNDA:0,(anonymous_8)
DA:1,0
DA:3,0
DA:4,0
DA:7,0
DA:8,0
DA:9,0
DA:10,0
DA:11,0
DA:14,0
DA:15,0
DA:16,0
DA:17,0
DA:18,0
DA:19,0
DA:20,0
DA:21,0
DA:23,0
DA:24,0
DA:28,0
DA:32,0
DA:33,0
DA:36,0
DA:37,0
DA:38,0
DA:41,0
DA:44,0
DA:45,0
DA:49,0
DA:50,0
DA:51,0
DA:52,0
DA:53,0
DA:54,0
DA:56,0
DA:57,0
DA:61,0
LF:36
LH:0
BRDA:33,0,0,0
BRF:1
BRH:0
end_of_record
TN:
SF:src/hooks/useMissions.tsx
FN:6,useMissions
FN:11,(anonymous_4)
FN:13,(anonymous_5)
FN:31,useMission
FN:36,(anonymous_7)
FN:38,(anonymous_8)
FNF:6
FNH:0
FNDA:0,useMissions
FNDA:0,(anonymous_4)
FNDA:0,(anonymous_5)
FNDA:0,useMission
FNDA:0,(anonymous_7)
FNDA:0,(anonymous_8)
DA:1,0
DA:3,0
DA:6,0
DA:7,0
DA:8,0
DA:9,0
DA:11,0
DA:13,0
DA:14,0
DA:15,0
DA:16,0
DA:17,0
DA:18,0
DA:20,0
DA:21,0
DA:25,0
DA:28,0
DA:31,0
DA:32,0
DA:33,0
DA:34,0
DA:36,0
DA:38,0
DA:39,0
DA:40,0
DA:41,0
DA:42,0
DA:43,0
DA:45,0
DA:46,0
DA:50,0
DA:53,0
LF:32
LH:0
BRF:0
BRH:0
end_of_record
TN:
SF:src/utils/DateTimeConversion.tsx
FN:3,isISOFormat
FN:8,convertISOToTimestamp
FN:13,normalizeTimeField
FNF:3
FNH:3
FNDA:21,isISOFormat
FNDA:9,convertISOToTimestamp
FNDA:11,normalizeTimeField
DA:3,14
DA:4,21
DA:8,6
DA:9,9
DA:13,11
DA:14,11
DA:15,7
DA:16,3
DA:18,4
LF:9
LH:9
BRDA:4,0,0,21
BRDA:4,0,1,16
BRDA:4,0,2,7
BRDA:14,1,0,4
BRDA:15,2,0,3
BRF:5
BRH:5
end_of_record
TN:
SF:src/utils/calculateArea.ts
FN:8,calculateRectangleArea
FN:15,(anonymous_4)
FN:36,formatArea
FNF:3
FNH:3
FNDA:5,calculateRectangleArea
FNDA:15,(anonymous_4)
FNDA:14,formatArea
DA:8,5
DA:9,5
DA:12,5
DA:15,15
DA:18,5
DA:19,5
DA:20,5
DA:21,5
DA:24,5
DA:25,5
DA:28,5
DA:36,14
DA:37,14
DA:39,4
DA:40,4
DA:41,10
DA:43,5
DA:46,5
LF:18
LH:18
BRDA:37,0,0,4
BRDA:37,0,1,10
BRDA:41,1,0,5
BRDA:41,1,1,5
BRF:4
BRH:4
end_of_record
TN:
SF:src/utils/convertMinutes.tsx
FN:1,convertMinutes
FNF:1
FNH:1
FNDA:22,convertMinutes
DA:1,22
DA:2,22
DA:3,22
DA:4,22
DA:6,22
DA:7,10
DA:8,12
DA:9,8
DA:11,4
LF:9
LH:9
BRDA:6,0,0,10
BRDA:6,0,1,12
BRDA:8,1,0,8
BRDA:8,1,1,4
BRF:4
BRH:4
end_of_record
